[2020-08-11 19:24:59.829] [jointLog] [info] Fragment incompatibility prior below threshold.  Incompatible fragments will be ignored.
[2020-08-11 19:24:59.829] [jointLog] [info] Usage of --validateMappings implies use of minScoreFraction. Since not explicitly specified, it is being set to 0.65
[2020-08-11 19:24:59.829] [jointLog] [info] Usage of --validateMappings implies a default consensus slack of 0.2. Setting consensusSlack to 0.35.
[2020-08-11 19:24:59.829] [jointLog] [info] parsing read library format
[2020-08-11 19:24:59.829] [jointLog] [info] There is 1 library.
[2020-08-11 19:24:59.878] [jointLog] [info] Loading pufferfish index
[2020-08-11 19:24:59.878] [jointLog] [info] Loading dense pufferfish index.
[2020-08-11 19:25:40.129] [jointLog] [info] done
[2020-08-11 19:25:40.129] [jointLog] [info] Index contained 227,257 targets
[2020-08-11 19:25:43.285] [jointLog] [info] Number of decoys : 194
[2020-08-11 19:25:43.285] [jointLog] [info] First decoy index : 227,042 
[2020-08-11 19:25:43.305] [jointLog] [warning] Fragment GC bias correction is currently *experimental* in single-end libraries.  Please use this option with caution.
[2020-08-11 19:25:43.522] [jointLog] [info] Automatically detected most likely library type as SR
[2020-08-11 19:26:40.131] [jointLog] [info] Thread saw mini-batch with a maximum of 1.48% zero probability fragments
[2020-08-11 19:26:40.144] [jointLog] [info] Thread saw mini-batch with a maximum of 1.54% zero probability fragments
[2020-08-11 19:26:40.162] [jointLog] [info] Thread saw mini-batch with a maximum of 1.56% zero probability fragments
[2020-08-11 19:26:40.210] [jointLog] [info] Thread saw mini-batch with a maximum of 1.54% zero probability fragments
[2020-08-11 19:26:40.219] [jointLog] [info] Thread saw mini-batch with a maximum of 1.50% zero probability fragments
[2020-08-11 19:26:40.225] [jointLog] [info] Thread saw mini-batch with a maximum of 1.44% zero probability fragments
[2020-08-11 19:26:40.259] [jointLog] [info] Thread saw mini-batch with a maximum of 1.54% zero probability fragments
[2020-08-11 19:26:40.283] [jointLog] [info] Thread saw mini-batch with a maximum of 1.50% zero probability fragments
[2020-08-11 19:26:40.295] [jointLog] [info] Thread saw mini-batch with a maximum of 1.62% zero probability fragments
[2020-08-11 19:26:40.308] [jointLog] [info] Thread saw mini-batch with a maximum of 1.50% zero probability fragments
[2020-08-11 19:26:40.318] [jointLog] [info] Thread saw mini-batch with a maximum of 1.58% zero probability fragments
[2020-08-11 19:26:40.337] [jointLog] [info] Thread saw mini-batch with a maximum of 1.58% zero probability fragments
[2020-08-11 19:26:40.469] [jointLog] [info] Computed 295,750 rich equivalence classes for further processing
[2020-08-11 19:26:40.469] [jointLog] [info] Counted 13,667,800 total reads in the equivalence classes 
[2020-08-11 19:26:40.475] [jointLog] [warning] 0.00130172% of fragments were shorter than the k used to build the index.
If this fraction is too large, consider re-building the index with a smaller k.
The minimum read size found was 10.


[2020-08-11 19:26:40.475] [jointLog] [info] Number of mappings discarded because of alignment score : 16,349,929
[2020-08-11 19:26:40.475] [jointLog] [info] Number of fragments entirely discarded because of alignment score : 297,394
[2020-08-11 19:26:40.475] [jointLog] [info] Number of fragments discarded because they are best-mapped to decoys : 264,057
[2020-08-11 19:26:40.475] [jointLog] [info] Number of fragments discarded because they have only dovetail (discordant) mappings to valid targets : 0
[2020-08-11 19:26:40.475] [jointLog] [info] Mapping rate = 90.3132%

[2020-08-11 19:26:40.475] [jointLog] [info] finished quantifyLibrary()
[2020-08-11 19:26:40.475] [jointLog] [info] Starting optimizer
[2020-08-11 19:26:40.469] [fileLog] [info] 
At end of round 0
==================
Observed 15133771 total fragments (15133771 in most recent round)

[2020-08-11 19:26:40.535] [jointLog] [info] Marked 0 weighted equivalence classes as degenerate
[2020-08-11 19:26:40.542] [jointLog] [info] iteration = 0 | max rel diff. = 4359.22
[2020-08-11 19:26:40.617] [jointLog] [info] iteration 11, adjusting effective lengths to account for biases
[2020-08-11 19:26:58.292] [jointLog] [info] Computed expected counts (for bias correction)
[2020-08-11 19:26:58.292] [jointLog] [info] processed bias for 0.0% of the transcripts
[2020-08-11 19:27:00.303] [jointLog] [info] processed bias for 10.0% of the transcripts
[2020-08-11 19:27:02.359] [jointLog] [info] processed bias for 20.0% of the transcripts
[2020-08-11 19:27:04.375] [jointLog] [info] processed bias for 30.0% of the transcripts
[2020-08-11 19:27:06.370] [jointLog] [info] processed bias for 40.0% of the transcripts
[2020-08-11 19:27:08.433] [jointLog] [info] processed bias for 50.0% of the transcripts
[2020-08-11 19:27:10.485] [jointLog] [info] processed bias for 60.0% of the transcripts
[2020-08-11 19:27:12.503] [jointLog] [info] processed bias for 70.0% of the transcripts
[2020-08-11 19:27:14.709] [jointLog] [info] processed bias for 80.0% of the transcripts
[2020-08-11 19:27:16.869] [jointLog] [info] processed bias for 90.0% of the transcripts
[2020-08-11 19:27:18.955] [jointLog] [info] processed bias for 100.0% of the transcripts
[2020-08-11 19:27:19.731] [jointLog] [info] iteration = 100 | max rel diff. = 20.8117
[2020-08-11 19:27:20.584] [jointLog] [info] iteration = 200 | max rel diff. = 13.2945
[2020-08-11 19:27:21.434] [jointLog] [info] iteration = 300 | max rel diff. = 13.9827
[2020-08-11 19:27:22.282] [jointLog] [info] iteration = 400 | max rel diff. = 3.09876
[2020-08-11 19:27:23.129] [jointLog] [info] iteration = 500 | max rel diff. = 9.42669
[2020-08-11 19:27:23.978] [jointLog] [info] iteration = 600 | max rel diff. = 0.892451
[2020-08-11 19:27:24.828] [jointLog] [info] iteration = 700 | max rel diff. = 1.07286
[2020-08-11 19:27:25.677] [jointLog] [info] iteration = 800 | max rel diff. = 11.477
[2020-08-11 19:27:26.528] [jointLog] [info] iteration = 900 | max rel diff. = 1.72599
[2020-08-11 19:27:27.382] [jointLog] [info] iteration = 1,000 | max rel diff. = 0.555467
[2020-08-11 19:27:28.236] [jointLog] [info] iteration = 1,100 | max rel diff. = 0.213605
[2020-08-11 19:27:29.087] [jointLog] [info] iteration = 1,200 | max rel diff. = 0.718575
[2020-08-11 19:27:29.936] [jointLog] [info] iteration = 1,300 | max rel diff. = 0.217879
[2020-08-11 19:27:30.788] [jointLog] [info] iteration = 1,400 | max rel diff. = 0.0473719
[2020-08-11 19:27:31.640] [jointLog] [info] iteration = 1,500 | max rel diff. = 0.0457795
[2020-08-11 19:27:32.493] [jointLog] [info] iteration = 1,600 | max rel diff. = 0.0472083
[2020-08-11 19:27:33.344] [jointLog] [info] iteration = 1,700 | max rel diff. = 0.0967366
[2020-08-11 19:27:34.194] [jointLog] [info] iteration = 1,800 | max rel diff. = 0.0183946
[2020-08-11 19:27:35.047] [jointLog] [info] iteration = 1,900 | max rel diff. = 0.0507851
[2020-08-11 19:27:35.303] [jointLog] [info] iteration = 1,931 | max rel diff. = 0.00543873
[2020-08-11 19:27:35.308] [jointLog] [info] Finished optimizer
[2020-08-11 19:27:35.308] [jointLog] [info] writing output 

[2020-08-11 19:27:35.543] [jointLog] [info] Starting Bootstrapping
[2020-08-11 19:27:35.603] [jointLog] [info] Will draw 30 bootstrap samples
[2020-08-11 19:27:35.603] [jointLog] [info] Optimizing over 295,750 equivalence classes
[2020-08-11 19:27:35.618] [jointLog] [info] Marked 0 weighted equivalence classes as degenerate
[2020-08-11 19:29:35.355] [jointLog] [info] wrote 1 bootstraps
[2020-08-11 19:29:40.158] [jointLog] [info] wrote 2 bootstraps
[2020-08-11 19:29:48.619] [jointLog] [info] wrote 3 bootstraps
[2020-08-11 19:29:53.848] [jointLog] [info] wrote 4 bootstraps
[2020-08-11 19:29:56.739] [jointLog] [info] wrote 5 bootstraps
[2020-08-11 19:30:01.400] [jointLog] [info] wrote 6 bootstraps
[2020-08-11 19:30:08.978] [jointLog] [info] wrote 7 bootstraps
[2020-08-11 19:30:10.739] [jointLog] [info] wrote 8 bootstraps
[2020-08-11 19:30:14.152] [jointLog] [info] wrote 9 bootstraps
[2020-08-11 19:30:14.636] [jointLog] [info] wrote 10 bootstraps
[2020-08-11 19:30:18.830] [jointLog] [info] wrote 11 bootstraps
[2020-08-11 19:31:53.677] [jointLog] [info] wrote 12 bootstraps
[2020-08-11 19:31:54.923] [jointLog] [info] wrote 13 bootstraps
[2020-08-11 19:32:06.031] [jointLog] [info] wrote 14 bootstraps
[2020-08-11 19:32:11.412] [jointLog] [info] wrote 15 bootstraps
[2020-08-11 19:32:11.508] [jointLog] [info] wrote 16 bootstraps
[2020-08-11 19:32:19.386] [jointLog] [info] wrote 17 bootstraps
[2020-08-11 19:32:32.602] [jointLog] [info] wrote 18 bootstraps
[2020-08-11 19:32:51.889] [jointLog] [info] wrote 19 bootstraps
[2020-08-11 19:32:58.278] [jointLog] [info] wrote 20 bootstraps
[2020-08-11 19:33:02.155] [jointLog] [info] wrote 21 bootstraps
[2020-08-11 19:33:13.854] [jointLog] [info] wrote 22 bootstraps
[2020-08-11 19:33:28.250] [jointLog] [info] wrote 23 bootstraps
[2020-08-11 19:33:39.281] [jointLog] [info] wrote 24 bootstraps
[2020-08-11 19:33:51.680] [jointLog] [info] wrote 25 bootstraps
[2020-08-11 19:34:00.843] [jointLog] [info] wrote 26 bootstraps
[2020-08-11 19:34:02.019] [jointLog] [info] wrote 27 bootstraps
[2020-08-11 19:34:12.397] [jointLog] [info] wrote 28 bootstraps
[2020-08-11 19:34:14.946] [jointLog] [info] wrote 29 bootstraps
[2020-08-11 19:34:19.551] [jointLog] [info] wrote 30 bootstraps
[2020-08-11 19:34:19.563] [jointLog] [info] Finished Bootstrapping
