[2020-07-13 22:48:44.503] [jointLog] [info] Fragment incompatibility prior below threshold.  Incompatible fragments will be ignored.
[2020-07-13 22:48:44.503] [jointLog] [info] Usage of --validateMappings implies use of minScoreFraction. Since not explicitly specified, it is being set to 0.65
[2020-07-13 22:48:44.503] [jointLog] [info] Usage of --validateMappings implies a default consensus slack of 0.2. Setting consensusSlack to 0.35.
[2020-07-13 22:48:44.503] [jointLog] [info] parsing read library format
[2020-07-13 22:48:44.503] [jointLog] [info] There is 1 library.
[2020-07-13 22:48:44.548] [jointLog] [info] Loading pufferfish index
[2020-07-13 22:48:44.548] [jointLog] [info] Loading dense pufferfish index.
[2020-07-13 22:49:26.796] [jointLog] [info] done
[2020-07-13 22:49:26.796] [jointLog] [info] Index contained 227,257 targets
[2020-07-13 22:49:30.142] [jointLog] [info] Number of decoys : 194
[2020-07-13 22:49:30.142] [jointLog] [info] First decoy index : 227,042 
[2020-07-13 22:49:30.163] [jointLog] [warning] Fragment GC bias correction is currently *experimental* in single-end libraries.  Please use this option with caution.
[2020-07-13 22:49:30.435] [jointLog] [info] Automatically detected most likely library type as SR
[2020-07-13 22:51:26.593] [jointLog] [info] Thread saw mini-batch with a maximum of 2.10% zero probability fragments
[2020-07-13 22:51:26.595] [jointLog] [info] Thread saw mini-batch with a maximum of 2.10% zero probability fragments
[2020-07-13 22:51:26.624] [jointLog] [info] Thread saw mini-batch with a maximum of 2.04% zero probability fragments
[2020-07-13 22:51:26.634] [jointLog] [info] Thread saw mini-batch with a maximum of 2.14% zero probability fragments
[2020-07-13 22:51:26.637] [jointLog] [info] Thread saw mini-batch with a maximum of 2.02% zero probability fragments
[2020-07-13 22:51:26.663] [jointLog] [info] Thread saw mini-batch with a maximum of 2.06% zero probability fragments
[2020-07-13 22:51:26.668] [jointLog] [info] Thread saw mini-batch with a maximum of 1.96% zero probability fragments
[2020-07-13 22:51:26.670] [jointLog] [info] Thread saw mini-batch with a maximum of 2.12% zero probability fragments
[2020-07-13 22:51:26.690] [jointLog] [info] Thread saw mini-batch with a maximum of 2.10% zero probability fragments
[2020-07-13 22:51:26.713] [jointLog] [info] Thread saw mini-batch with a maximum of 2.22% zero probability fragments
[2020-07-13 22:51:26.765] [jointLog] [info] Thread saw mini-batch with a maximum of 2.06% zero probability fragments
[2020-07-13 22:51:26.792] [jointLog] [info] Thread saw mini-batch with a maximum of 1.94% zero probability fragments
[2020-07-13 22:51:26.932] [jointLog] [info] Computed 344,469 rich equivalence classes for further processing
[2020-07-13 22:51:26.932] [jointLog] [info] Counted 21,738,012 total reads in the equivalence classes 
[2020-07-13 22:51:26.938] [jointLog] [info] Number of mappings discarded because of alignment score : 23,863,927
[2020-07-13 22:51:26.938] [jointLog] [info] Number of fragments entirely discarded because of alignment score : 572,120
[2020-07-13 22:51:26.938] [jointLog] [info] Number of fragments discarded because they are best-mapped to decoys : 505,461
[2020-07-13 22:51:26.938] [jointLog] [info] Number of fragments discarded because they have only dovetail (discordant) mappings to valid targets : 0
[2020-07-13 22:51:26.938] [jointLog] [info] Mapping rate = 88.0059%

[2020-07-13 22:51:26.938] [jointLog] [info] finished quantifyLibrary()
[2020-07-13 22:51:26.938] [jointLog] [info] Starting optimizer
[2020-07-13 22:51:27.001] [jointLog] [info] Marked 0 weighted equivalence classes as degenerate
[2020-07-13 22:51:27.009] [jointLog] [info] iteration = 0 | max rel diff. = 5403.92
[2020-07-13 22:51:27.098] [jointLog] [info] iteration 11, adjusting effective lengths to account for biases
[2020-07-13 22:51:26.932] [fileLog] [info] 
At end of round 0
==================
Observed 24700639 total fragments (24700639 in most recent round)

[2020-07-13 22:51:47.428] [jointLog] [info] Computed expected counts (for bias correction)
[2020-07-13 22:51:47.428] [jointLog] [info] processed bias for 0.0% of the transcripts
[2020-07-13 22:51:49.677] [jointLog] [info] processed bias for 10.0% of the transcripts
[2020-07-13 22:51:52.001] [jointLog] [info] processed bias for 20.0% of the transcripts
[2020-07-13 22:51:54.301] [jointLog] [info] processed bias for 30.0% of the transcripts
[2020-07-13 22:51:56.519] [jointLog] [info] processed bias for 40.0% of the transcripts
[2020-07-13 22:51:58.834] [jointLog] [info] processed bias for 50.0% of the transcripts
[2020-07-13 22:52:01.145] [jointLog] [info] processed bias for 60.0% of the transcripts
[2020-07-13 22:52:03.258] [jointLog] [info] processed bias for 70.0% of the transcripts
[2020-07-13 22:52:05.700] [jointLog] [info] processed bias for 80.0% of the transcripts
[2020-07-13 22:52:08.269] [jointLog] [info] processed bias for 90.0% of the transcripts
[2020-07-13 22:52:10.343] [jointLog] [info] processed bias for 100.0% of the transcripts
[2020-07-13 22:52:11.249] [jointLog] [info] iteration = 100 | max rel diff. = 18.9244
[2020-07-13 22:52:12.233] [jointLog] [info] iteration = 200 | max rel diff. = 14.1197
[2020-07-13 22:52:13.205] [jointLog] [info] iteration = 300 | max rel diff. = 11.0632
[2020-07-13 22:52:14.209] [jointLog] [info] iteration = 400 | max rel diff. = 7.50162
[2020-07-13 22:52:15.228] [jointLog] [info] iteration = 500 | max rel diff. = 2.56163
[2020-07-13 22:52:16.268] [jointLog] [info] iteration = 600 | max rel diff. = 1.31823
[2020-07-13 22:52:17.312] [jointLog] [info] iteration = 700 | max rel diff. = 0.469069
[2020-07-13 22:52:18.346] [jointLog] [info] iteration = 800 | max rel diff. = 0.667012
[2020-07-13 22:52:19.354] [jointLog] [info] iteration = 900 | max rel diff. = 1.07352
[2020-07-13 22:52:20.401] [jointLog] [info] iteration = 1,000 | max rel diff. = 0.373831
[2020-07-13 22:52:21.444] [jointLog] [info] iteration = 1,100 | max rel diff. = 4.09532
[2020-07-13 22:52:22.438] [jointLog] [info] iteration = 1,200 | max rel diff. = 0.0829046
[2020-07-13 22:52:23.409] [jointLog] [info] iteration = 1,300 | max rel diff. = 0.0400251
[2020-07-13 22:52:24.380] [jointLog] [info] iteration = 1,400 | max rel diff. = 0.640121
[2020-07-13 22:52:25.345] [jointLog] [info] iteration = 1,500 | max rel diff. = 0.149635
[2020-07-13 22:52:26.326] [jointLog] [info] iteration = 1,600 | max rel diff. = 0.198098
[2020-07-13 22:52:27.294] [jointLog] [info] iteration = 1,700 | max rel diff. = 0.104329
[2020-07-13 22:52:28.026] [jointLog] [info] iteration = 1,775 | max rel diff. = 0.00483823
[2020-07-13 22:52:28.031] [jointLog] [info] Finished optimizer
[2020-07-13 22:52:28.031] [jointLog] [info] writing output 

[2020-07-13 22:52:28.315] [jointLog] [info] Starting Bootstrapping
[2020-07-13 22:52:28.392] [jointLog] [info] Will draw 30 bootstrap samples
[2020-07-13 22:52:28.392] [jointLog] [info] Optimizing over 344,469 equivalence classes
[2020-07-13 22:52:28.410] [jointLog] [info] Marked 0 weighted equivalence classes as degenerate
[2020-07-13 22:54:53.800] [jointLog] [info] wrote 1 bootstraps
[2020-07-13 22:55:04.518] [jointLog] [info] wrote 2 bootstraps
[2020-07-13 22:55:11.175] [jointLog] [info] wrote 3 bootstraps
[2020-07-13 22:55:13.308] [jointLog] [info] wrote 4 bootstraps
[2020-07-13 22:55:18.470] [jointLog] [info] wrote 5 bootstraps
[2020-07-13 22:55:19.244] [jointLog] [info] wrote 6 bootstraps
[2020-07-13 22:55:20.328] [jointLog] [info] wrote 7 bootstraps
[2020-07-13 22:55:29.037] [jointLog] [info] wrote 8 bootstraps
[2020-07-13 22:55:29.587] [jointLog] [info] wrote 9 bootstraps
[2020-07-13 22:55:36.750] [jointLog] [info] wrote 10 bootstraps
[2020-07-13 22:55:46.077] [jointLog] [info] wrote 11 bootstraps
[2020-07-13 22:57:09.789] [jointLog] [info] wrote 12 bootstraps
[2020-07-13 22:57:23.881] [jointLog] [info] wrote 13 bootstraps
[2020-07-13 22:57:55.264] [jointLog] [info] wrote 14 bootstraps
[2020-07-13 22:57:57.524] [jointLog] [info] wrote 15 bootstraps
[2020-07-13 22:58:11.944] [jointLog] [info] wrote 16 bootstraps
[2020-07-13 22:58:12.025] [jointLog] [info] wrote 17 bootstraps
[2020-07-13 22:58:15.911] [jointLog] [info] wrote 18 bootstraps
[2020-07-13 22:58:16.002] [jointLog] [info] wrote 19 bootstraps
[2020-07-13 22:58:17.762] [jointLog] [info] wrote 20 bootstraps
[2020-07-13 22:58:22.791] [jointLog] [info] wrote 21 bootstraps
[2020-07-13 22:58:38.524] [jointLog] [info] wrote 22 bootstraps
[2020-07-13 22:59:18.463] [jointLog] [info] wrote 23 bootstraps
[2020-07-13 22:59:45.300] [jointLog] [info] wrote 24 bootstraps
[2020-07-13 22:59:54.918] [jointLog] [info] wrote 25 bootstraps
[2020-07-13 23:00:04.743] [jointLog] [info] wrote 26 bootstraps
[2020-07-13 23:00:10.898] [jointLog] [info] wrote 27 bootstraps
[2020-07-13 23:00:17.061] [jointLog] [info] wrote 28 bootstraps
[2020-07-13 23:00:22.856] [jointLog] [info] wrote 29 bootstraps
[2020-07-13 23:00:25.597] [jointLog] [info] wrote 30 bootstraps
[2020-07-13 23:00:25.611] [jointLog] [info] Finished Bootstrapping
