[2020-08-11 19:16:35.544] [jointLog] [info] Fragment incompatibility prior below threshold.  Incompatible fragments will be ignored.
[2020-08-11 19:16:35.544] [jointLog] [info] Usage of --validateMappings implies use of minScoreFraction. Since not explicitly specified, it is being set to 0.65
[2020-08-11 19:16:35.544] [jointLog] [info] Usage of --validateMappings implies a default consensus slack of 0.2. Setting consensusSlack to 0.35.
[2020-08-11 19:16:35.544] [jointLog] [info] parsing read library format
[2020-08-11 19:16:35.544] [jointLog] [info] There is 1 library.
[2020-08-11 19:16:35.594] [jointLog] [info] Loading pufferfish index
[2020-08-11 19:16:35.594] [jointLog] [info] Loading dense pufferfish index.
[2020-08-11 19:17:15.389] [jointLog] [info] done
[2020-08-11 19:17:15.389] [jointLog] [info] Index contained 227,257 targets
[2020-08-11 19:17:18.503] [jointLog] [info] Number of decoys : 194
[2020-08-11 19:17:18.503] [jointLog] [info] First decoy index : 227,042 
[2020-08-11 19:17:18.524] [jointLog] [warning] Fragment GC bias correction is currently *experimental* in single-end libraries.  Please use this option with caution.
[2020-08-11 19:17:18.771] [jointLog] [info] Automatically detected most likely library type as SR
[2020-08-11 19:18:39.608] [jointLog] [info] Thread saw mini-batch with a maximum of 4.56% zero probability fragments
[2020-08-11 19:18:39.670] [jointLog] [info] Thread saw mini-batch with a maximum of 4.50% zero probability fragments
[2020-08-11 19:18:39.690] [jointLog] [info] Thread saw mini-batch with a maximum of 4.30% zero probability fragments
[2020-08-11 19:18:39.720] [jointLog] [info] Thread saw mini-batch with a maximum of 4.46% zero probability fragments
[2020-08-11 19:18:39.723] [jointLog] [info] Thread saw mini-batch with a maximum of 4.34% zero probability fragments
[2020-08-11 19:18:39.736] [jointLog] [info] Thread saw mini-batch with a maximum of 4.54% zero probability fragments
[2020-08-11 19:18:39.756] [jointLog] [info] Thread saw mini-batch with a maximum of 4.54% zero probability fragments
[2020-08-11 19:18:39.781] [jointLog] [info] Thread saw mini-batch with a maximum of 4.36% zero probability fragments
[2020-08-11 19:18:39.787] [jointLog] [info] Thread saw mini-batch with a maximum of 4.42% zero probability fragments
[2020-08-11 19:18:39.795] [jointLog] [info] Thread saw mini-batch with a maximum of 4.24% zero probability fragments
[2020-08-11 19:18:39.799] [jointLog] [info] Thread saw mini-batch with a maximum of 4.42% zero probability fragments
[2020-08-11 19:18:39.803] [jointLog] [info] Thread saw mini-batch with a maximum of 4.40% zero probability fragments
[2020-08-11 19:18:39.940] [jointLog] [info] Computed 304,020 rich equivalence classes for further processing
[2020-08-11 19:18:39.940] [jointLog] [info] Counted 14,973,620 total reads in the equivalence classes 
[2020-08-11 19:18:39.945] [jointLog] [warning] 0.00325265% of fragments were shorter than the k used to build the index.
If this fraction is too large, consider re-building the index with a smaller k.
The minimum read size found was 10.


[2020-08-11 19:18:39.945] [jointLog] [info] Number of mappings discarded because of alignment score : 28,125,555
[2020-08-11 19:18:39.945] [jointLog] [info] Number of fragments entirely discarded because of alignment score : 929,062
[2020-08-11 19:18:39.945] [jointLog] [info] Number of fragments discarded because they are best-mapped to decoys : 883,019
[2020-08-11 19:18:39.945] [jointLog] [info] Number of fragments discarded because they have only dovetail (discordant) mappings to valid targets : 0
[2020-08-11 19:18:39.945] [jointLog] [info] Mapping rate = 72.476%

[2020-08-11 19:18:39.945] [jointLog] [info] finished quantifyLibrary()
[2020-08-11 19:18:39.945] [jointLog] [info] Starting optimizer
[2020-08-11 19:18:40.010] [jointLog] [info] Marked 0 weighted equivalence classes as degenerate
[2020-08-11 19:18:40.018] [jointLog] [info] iteration = 0 | max rel diff. = 4614.26
[2020-08-11 19:18:40.101] [jointLog] [info] iteration 11, adjusting effective lengths to account for biases
[2020-08-11 19:18:39.940] [fileLog] [info] 
At end of round 0
==================
Observed 20660105 total fragments (20660105 in most recent round)

[2020-08-11 19:18:58.549] [jointLog] [info] Computed expected counts (for bias correction)
[2020-08-11 19:18:58.550] [jointLog] [info] processed bias for 0.0% of the transcripts
[2020-08-11 19:19:00.714] [jointLog] [info] processed bias for 10.0% of the transcripts
[2020-08-11 19:19:02.817] [jointLog] [info] processed bias for 20.0% of the transcripts
[2020-08-11 19:19:04.870] [jointLog] [info] processed bias for 30.0% of the transcripts
[2020-08-11 19:19:06.834] [jointLog] [info] processed bias for 40.0% of the transcripts
[2020-08-11 19:19:08.770] [jointLog] [info] processed bias for 50.0% of the transcripts
[2020-08-11 19:19:10.842] [jointLog] [info] processed bias for 60.0% of the transcripts
[2020-08-11 19:19:12.895] [jointLog] [info] processed bias for 70.0% of the transcripts
[2020-08-11 19:19:15.159] [jointLog] [info] processed bias for 80.0% of the transcripts
[2020-08-11 19:19:17.318] [jointLog] [info] processed bias for 90.0% of the transcripts
[2020-08-11 19:19:19.391] [jointLog] [info] processed bias for 100.0% of the transcripts
[2020-08-11 19:19:20.184] [jointLog] [info] iteration = 100 | max rel diff. = 20.0502
[2020-08-11 19:19:21.050] [jointLog] [info] iteration = 200 | max rel diff. = 18.3984
[2020-08-11 19:19:21.909] [jointLog] [info] iteration = 300 | max rel diff. = 3.61719
[2020-08-11 19:19:22.772] [jointLog] [info] iteration = 400 | max rel diff. = 0.864085
[2020-08-11 19:19:23.636] [jointLog] [info] iteration = 500 | max rel diff. = 2.37267
[2020-08-11 19:19:24.501] [jointLog] [info] iteration = 600 | max rel diff. = 4.13099
[2020-08-11 19:19:25.365] [jointLog] [info] iteration = 700 | max rel diff. = 0.253009
[2020-08-11 19:19:26.229] [jointLog] [info] iteration = 800 | max rel diff. = 0.849811
[2020-08-11 19:19:27.103] [jointLog] [info] iteration = 900 | max rel diff. = 2.09668
[2020-08-11 19:19:27.974] [jointLog] [info] iteration = 1,000 | max rel diff. = 0.143945
[2020-08-11 19:19:28.834] [jointLog] [info] iteration = 1,100 | max rel diff. = 3.24823
[2020-08-11 19:19:29.696] [jointLog] [info] iteration = 1,200 | max rel diff. = 0.608625
[2020-08-11 19:19:30.558] [jointLog] [info] iteration = 1,300 | max rel diff. = 0.187311
[2020-08-11 19:19:30.790] [jointLog] [info] iteration = 1,328 | max rel diff. = 0.00956423
[2020-08-11 19:19:30.794] [jointLog] [info] Finished optimizer
[2020-08-11 19:19:30.794] [jointLog] [info] writing output 

[2020-08-11 19:19:31.061] [jointLog] [info] Starting Bootstrapping
[2020-08-11 19:19:31.129] [jointLog] [info] Will draw 30 bootstrap samples
[2020-08-11 19:19:31.129] [jointLog] [info] Optimizing over 304,020 equivalence classes
[2020-08-11 19:19:31.146] [jointLog] [info] Marked 0 weighted equivalence classes as degenerate
[2020-08-11 19:20:55.655] [jointLog] [info] wrote 1 bootstraps
[2020-08-11 19:21:19.516] [jointLog] [info] wrote 2 bootstraps
[2020-08-11 19:21:24.235] [jointLog] [info] wrote 3 bootstraps
[2020-08-11 19:21:25.084] [jointLog] [info] wrote 4 bootstraps
[2020-08-11 19:21:34.481] [jointLog] [info] wrote 5 bootstraps
[2020-08-11 19:21:39.006] [jointLog] [info] wrote 6 bootstraps
[2020-08-11 19:21:43.593] [jointLog] [info] wrote 7 bootstraps
[2020-08-11 19:21:43.700] [jointLog] [info] wrote 8 bootstraps
[2020-08-11 19:21:46.330] [jointLog] [info] wrote 9 bootstraps
[2020-08-11 19:21:46.962] [jointLog] [info] wrote 10 bootstraps
[2020-08-11 19:21:48.980] [jointLog] [info] wrote 11 bootstraps
[2020-08-11 19:22:31.430] [jointLog] [info] wrote 12 bootstraps
[2020-08-11 19:23:15.734] [jointLog] [info] wrote 13 bootstraps
[2020-08-11 19:23:17.484] [jointLog] [info] wrote 14 bootstraps
[2020-08-11 19:23:17.889] [jointLog] [info] wrote 15 bootstraps
[2020-08-11 19:23:28.986] [jointLog] [info] wrote 16 bootstraps
[2020-08-11 19:23:32.688] [jointLog] [info] wrote 17 bootstraps
[2020-08-11 19:23:36.656] [jointLog] [info] wrote 18 bootstraps
[2020-08-11 19:23:37.722] [jointLog] [info] wrote 19 bootstraps
[2020-08-11 19:23:39.595] [jointLog] [info] wrote 20 bootstraps
[2020-08-11 19:23:51.655] [jointLog] [info] wrote 21 bootstraps
[2020-08-11 19:23:53.392] [jointLog] [info] wrote 22 bootstraps
[2020-08-11 19:24:11.288] [jointLog] [info] wrote 23 bootstraps
[2020-08-11 19:24:32.143] [jointLog] [info] wrote 24 bootstraps
[2020-08-11 19:24:39.088] [jointLog] [info] wrote 25 bootstraps
[2020-08-11 19:24:43.046] [jointLog] [info] wrote 26 bootstraps
[2020-08-11 19:24:44.568] [jointLog] [info] wrote 27 bootstraps
[2020-08-11 19:24:52.442] [jointLog] [info] wrote 28 bootstraps
[2020-08-11 19:24:53.932] [jointLog] [info] wrote 29 bootstraps
[2020-08-11 19:24:58.152] [jointLog] [info] wrote 30 bootstraps
[2020-08-11 19:24:58.164] [jointLog] [info] Finished Bootstrapping
