[2020-03-10 23:19:27.138] [puff::index::jointLog] [info] Running fixFasta
[2020-03-10 23:19:29.902] [puff::index::jointLog] [warning] Entry with header [ENST00000632684.1|ENSG00000282431.1|OTTHUMG00000190602.2|OTTHUMT00000485301.2|TRBD1-202|TRBD1|12|TR_D_gene|], had length less than equal to the k-mer length of 21 (perhaps after poly-A clipping)
[2020-03-10 23:19:31.320] [puff::index::jointLog] [warning] Entry with header [ENST00000626826.1|ENSG00000281344.1|OTTHUMG00000189570.1|OTTHUMT00000479989.1|HELLPAR-201|HELLPAR|205012|lncRNA|] was longer than 200000 nucleotides.  This is probably a chromosome instead of a transcript.
[2020-03-10 23:19:31.551] [puff::index::jointLog] [warning] Entry with header [ENST00000415118.1|ENSG00000223997.1|OTTHUMG00000170844.2|OTTHUMT00000410670.2|TRDD1-201|TRDD1|8|TR_D_gene|], had length less than equal to the k-mer length of 21 (perhaps after poly-A clipping)
[2020-03-10 23:19:31.551] [puff::index::jointLog] [warning] Entry with header [ENST00000434970.2|ENSG00000237235.2|OTTHUMG00000170845.2|OTTHUMT00000410671.2|TRDD2-201|TRDD2|9|TR_D_gene|], had length less than equal to the k-mer length of 21 (perhaps after poly-A clipping)
[2020-03-10 23:19:31.551] [puff::index::jointLog] [warning] Entry with header [ENST00000448914.1|ENSG00000228985.1|OTTHUMG00000170846.2|OTTHUMT00000410672.2|TRDD3-201|TRDD3|13|TR_D_gene|], had length less than equal to the k-mer length of 21 (perhaps after poly-A clipping)
[2020-03-10 23:19:31.747] [puff::index::jointLog] [warning] Entry with header [ENST00000439842.1|ENSG00000236597.1|OTTHUMG00000152435.2|OTTHUMT00000326213.2|IGHD7-27-201|IGHD7-27|11|IG_D_gene|], had length less than equal to the k-mer length of 21 (perhaps after poly-A clipping)
[2020-03-10 23:19:31.747] [puff::index::jointLog] [warning] Entry with header [ENST00000390567.1|ENSG00000211907.1|OTTHUMG00000152429.2|OTTHUMT00000326207.2|IGHD1-26-201|IGHD1-26|20|IG_D_gene|], had length less than equal to the k-mer length of 21 (perhaps after poly-A clipping)
[2020-03-10 23:19:31.747] [puff::index::jointLog] [warning] Entry with header [ENST00000452198.1|ENSG00000225825.1|OTTHUMG00000152436.2|OTTHUMT00000326214.2|IGHD6-25-201|IGHD6-25|18|IG_D_gene|], had length less than equal to the k-mer length of 21 (perhaps after poly-A clipping)
[2020-03-10 23:19:31.747] [puff::index::jointLog] [warning] Entry with header [ENST00000390569.1|ENSG00000211909.1|OTTHUMG00000152427.2|OTTHUMT00000326205.2|IGHD5-24-201|IGHD5-24|20|IG_D_gene|], had length less than equal to the k-mer length of 21 (perhaps after poly-A clipping)
[2020-03-10 23:19:31.747] [puff::index::jointLog] [warning] Entry with header [ENST00000437320.1|ENSG00000227196.1|OTTHUMG00000152438.2|OTTHUMT00000326216.2|IGHD4-23-201|IGHD4-23|19|IG_D_gene|], had length less than equal to the k-mer length of 21 (perhaps after poly-A clipping)
[2020-03-10 23:19:31.747] [puff::index::jointLog] [warning] Entry with header [ENST00000450276.1|ENSG00000237020.1|OTTHUMG00000152432.2|OTTHUMT00000326210.2|IGHD1-20-201|IGHD1-20|17|IG_D_gene|], had length less than equal to the k-mer length of 21 (perhaps after poly-A clipping)
[2020-03-10 23:19:31.747] [puff::index::jointLog] [warning] Entry with header [ENST00000390574.1|ENSG00000211914.1|OTTHUMG00000152431.2|OTTHUMT00000326209.2|IGHD6-19-201|IGHD6-19|21|IG_D_gene|], had length less than equal to the k-mer length of 21 (perhaps after poly-A clipping)
[2020-03-10 23:19:31.747] [puff::index::jointLog] [warning] Entry with header [ENST00000390575.1|ENSG00000211915.1|OTTHUMG00000152433.2|OTTHUMT00000326211.2|IGHD5-18-201|IGHD5-18|20|IG_D_gene|], had length less than equal to the k-mer length of 21 (perhaps after poly-A clipping)
[2020-03-10 23:19:31.747] [puff::index::jointLog] [warning] Entry with header [ENST00000431870.1|ENSG00000227800.1|OTTHUMG00000152437.2|OTTHUMT00000326215.2|IGHD4-17-201|IGHD4-17|16|IG_D_gene|], had length less than equal to the k-mer length of 21 (perhaps after poly-A clipping)
[2020-03-10 23:19:31.747] [puff::index::jointLog] [warning] Entry with header [ENST00000451044.1|ENSG00000227108.1|OTTHUMG00000152369.2|OTTHUMT00000326003.2|IGHD1-14-201|IGHD1-14|17|IG_D_gene|], had length less than equal to the k-mer length of 21 (perhaps after poly-A clipping)
[2020-03-10 23:19:31.747] [puff::index::jointLog] [warning] Entry with header [ENST00000390580.1|ENSG00000211920.1|OTTHUMG00000152370.2|OTTHUMT00000326004.2|IGHD6-13-201|IGHD6-13|21|IG_D_gene|], had length less than equal to the k-mer length of 21 (perhaps after poly-A clipping)
[2020-03-10 23:19:31.747] [puff::index::jointLog] [warning] Entry with header [ENST00000431440.2|ENSG00000232543.2|OTTHUMG00000152368.2|OTTHUMT00000326002.2|IGHD4-11-201|IGHD4-11|16|IG_D_gene|], had length less than equal to the k-mer length of 21 (perhaps after poly-A clipping)
[2020-03-10 23:19:31.747] [puff::index::jointLog] [warning] Entry with header [ENST00000430425.1|ENSG00000237197.1|OTTHUMG00000152357.2|OTTHUMT00000325963.2|IGHD1-7-201|IGHD1-7|17|IG_D_gene|], had length less than equal to the k-mer length of 21 (perhaps after poly-A clipping)
[2020-03-10 23:19:31.747] [puff::index::jointLog] [warning] Entry with header [ENST00000454691.1|ENSG00000228131.1|OTTHUMG00000152353.2|OTTHUMT00000325959.2|IGHD6-6-201|IGHD6-6|18|IG_D_gene|], had length less than equal to the k-mer length of 21 (perhaps after poly-A clipping)
[2020-03-10 23:19:31.747] [puff::index::jointLog] [warning] Entry with header [ENST00000390588.1|ENSG00000211928.1|OTTHUMG00000152360.2|OTTHUMT00000325966.2|IGHD5-5-201|IGHD5-5|20|IG_D_gene|], had length less than equal to the k-mer length of 21 (perhaps after poly-A clipping)
[2020-03-10 23:19:31.747] [puff::index::jointLog] [warning] Entry with header [ENST00000414852.1|ENSG00000233655.1|OTTHUMG00000152355.2|OTTHUMT00000325961.2|IGHD4-4-201|IGHD4-4|16|IG_D_gene|], had length less than equal to the k-mer length of 21 (perhaps after poly-A clipping)
[2020-03-10 23:19:31.747] [puff::index::jointLog] [warning] Entry with header [ENST00000454908.1|ENSG00000236170.1|OTTHUMG00000152359.2|OTTHUMT00000325965.2|IGHD1-1-201|IGHD1-1|17|IG_D_gene|], had length less than equal to the k-mer length of 21 (perhaps after poly-A clipping)
[2020-03-10 23:19:31.749] [puff::index::jointLog] [warning] Entry with header [ENST00000603326.1|ENSG00000271317.1|OTTHUMG00000184621.3|OTTHUMT00000468981.3|IGHD4OR15-4A-201|IGHD4OR15-4A|19|IG_D_gene|], had length less than equal to the k-mer length of 21 (perhaps after poly-A clipping)
[2020-03-10 23:19:31.749] [puff::index::jointLog] [warning] Entry with header [ENST00000605284.1|ENSG00000271336.1|OTTHUMG00000184580.2|OTTHUMT00000468908.2|IGHD1OR15-1A-201|IGHD1OR15-1A|17|IG_D_gene|], had length less than equal to the k-mer length of 21 (perhaps after poly-A clipping)
[2020-03-10 23:19:31.751] [puff::index::jointLog] [warning] Entry with header [ENST00000603693.1|ENSG00000270451.1|OTTHUMG00000184611.3|OTTHUMT00000468945.3|IGHD4OR15-4B-201|IGHD4OR15-4B|19|IG_D_gene|], had length less than equal to the k-mer length of 21 (perhaps after poly-A clipping)
[2020-03-10 23:19:31.751] [puff::index::jointLog] [warning] Entry with header [ENST00000604838.1|ENSG00000270185.1|OTTHUMG00000184585.2|OTTHUMT00000468915.2|IGHD1OR15-1B-201|IGHD1OR15-1B|17|IG_D_gene|], had length less than equal to the k-mer length of 21 (perhaps after poly-A clipping)
[2020-03-10 23:20:20.525] [puff::index::jointLog] [warning] Removed 849 transcripts that were sequence duplicates of indexed transcripts.
[2020-03-10 23:20:20.525] [puff::index::jointLog] [warning] If you wish to retain duplicate transcripts, please use the `--keepDuplicates` flag
[2020-03-10 23:20:20.526] [puff::index::jointLog] [info] Replaced 151,122,967 non-ATCG nucleotides
[2020-03-10 23:20:20.526] [puff::index::jointLog] [info] Clipped poly-A tails from 1,818 transcripts
[2020-03-10 23:20:23.755] [puff::index::jointLog] [info] Filter size not provided; estimating from number of distinct k-mers
[2020-03-10 23:20:47.398] [puff::index::jointLog] [info] ntHll estimated 2417001769 distinct k-mers, setting filter size to 2^36
[2020-03-10 23:51:13.567] [puff::index::jointLog] [info] Setting the index/BinaryGfa directory salmon_index_sa
[2020-03-10 23:51:20.640] [puff::index::jointLog] [info] Done wrapping the rank vector with a rank9sel structure.
[2020-03-10 23:51:55.927] [puff::index::jointLog] [info] contig count for validation: 96076433
[2020-03-10 23:53:06.892] [puff::index::jointLog] [info] Total # of Contigs : 96,076,433
[2020-03-10 23:53:06.892] [puff::index::jointLog] [info] Total # of numerical Contigs : 96,076,433
[2020-03-10 23:56:37.485] [puff::index::jointLog] [info] 
Total # of segments we have position for : 96,076,433
[2020-03-10 23:56:40.937] [puff::index::jointLog] [info] total contig vec entries 692,780,363
[2020-03-10 23:56:40.937] [puff::index::jointLog] [info] bits per offset entry 30
[2020-03-10 23:57:36.646] [puff::index::jointLog] [info] there were 6,642,994  equivalence classes
[2020-03-10 23:58:47.430] [puff::index::jointLog] [info] # segments = 96,076,433
[2020-03-10 23:58:47.430] [puff::index::jointLog] [info] total length = 4,334,199,081
[2020-03-10 23:58:47.752] [puff::index::jointLog] [info] Reading the reference files ...
[2020-03-10 23:59:20.057] [puff::index::jointLog] [info] positional integer width = 33
[2020-03-10 23:59:20.057] [puff::index::jointLog] [info] seqSize = 4,334,199,081
[2020-03-10 23:59:20.057] [puff::index::jointLog] [info] rankSize = 4,334,199,081
[2020-03-10 23:59:20.057] [puff::index::jointLog] [info] edgeVecSize = 0
[2020-03-10 23:59:20.057] [puff::index::jointLog] [info] num keys = 2,412,670,421
[2020-03-11 00:00:32.196] [puff::index::jointLog] [info] mphf size = 1507.1 MB
[2020-03-11 00:00:32.196] [puff::index::jointLog] [info] chunk size = 361,183,257
[2020-03-11 00:00:32.251] [puff::index::jointLog] [info] chunk 0 = [0, 361,183,257)
[2020-03-11 00:00:32.251] [puff::index::jointLog] [info] chunk 1 = [361,183,257, 722,366,514)
[2020-03-11 00:00:32.251] [puff::index::jointLog] [info] chunk 2 = [722,366,514, 1,083,549,785)
[2020-03-11 00:00:32.251] [puff::index::jointLog] [info] chunk 3 = [1,083,549,785, 1,444,733,042)
[2020-03-11 00:00:32.251] [puff::index::jointLog] [info] chunk 4 = [1,444,733,042, 1,805,916,303)
[2020-03-11 00:00:32.251] [puff::index::jointLog] [info] chunk 5 = [1,805,916,303, 2,167,099,568)
[2020-03-11 00:00:32.251] [puff::index::jointLog] [info] chunk 6 = [2,167,099,568, 2,528,282,825)
[2020-03-11 00:00:32.251] [puff::index::jointLog] [info] chunk 7 = [2,528,282,825, 2,889,466,082)
[2020-03-11 00:00:32.251] [puff::index::jointLog] [info] chunk 8 = [2,889,466,082, 3,250,649,356)
[2020-03-11 00:00:32.251] [puff::index::jointLog] [info] chunk 9 = [3,250,649,356, 3,611,832,613)
[2020-03-11 00:00:32.252] [puff::index::jointLog] [info] chunk 10 = [3,611,832,613, 3,973,015,870)
[2020-03-11 00:00:32.252] [puff::index::jointLog] [info] chunk 11 = [3,973,015,870, 4,334,199,061)
[2020-03-11 00:02:08.013] [puff::index::jointLog] [info] finished populating pos vector
[2020-03-11 00:02:08.013] [puff::index::jointLog] [info] writing index components
[2020-03-11 00:02:57.197] [puff::index::jointLog] [info] finished writing dense pufferfish index
