[2020-07-13 23:00:27.365] [jointLog] [info] Fragment incompatibility prior below threshold.  Incompatible fragments will be ignored.
[2020-07-13 23:00:27.365] [jointLog] [info] Usage of --validateMappings implies use of minScoreFraction. Since not explicitly specified, it is being set to 0.65
[2020-07-13 23:00:27.365] [jointLog] [info] Usage of --validateMappings implies a default consensus slack of 0.2. Setting consensusSlack to 0.35.
[2020-07-13 23:00:27.365] [jointLog] [info] parsing read library format
[2020-07-13 23:00:27.365] [jointLog] [info] There is 1 library.
[2020-07-13 23:00:27.409] [jointLog] [info] Loading pufferfish index
[2020-07-13 23:00:27.409] [jointLog] [info] Loading dense pufferfish index.
[2020-07-13 23:01:09.996] [jointLog] [info] done
[2020-07-13 23:01:09.996] [jointLog] [info] Index contained 227,257 targets
[2020-07-13 23:01:13.381] [jointLog] [info] Number of decoys : 194
[2020-07-13 23:01:13.381] [jointLog] [info] First decoy index : 227,042 
[2020-07-13 23:01:13.402] [jointLog] [warning] Fragment GC bias correction is currently *experimental* in single-end libraries.  Please use this option with caution.
[2020-07-13 23:01:13.671] [jointLog] [info] Automatically detected most likely library type as SR
[2020-07-13 23:02:32.358] [jointLog] [info] Thread saw mini-batch with a maximum of 1.76% zero probability fragments
[2020-07-13 23:02:32.402] [jointLog] [info] Thread saw mini-batch with a maximum of 1.88% zero probability fragments
[2020-07-13 23:02:32.408] [jointLog] [info] Thread saw mini-batch with a maximum of 1.78% zero probability fragments
[2020-07-13 23:02:32.421] [jointLog] [info] Thread saw mini-batch with a maximum of 1.70% zero probability fragments
[2020-07-13 23:02:32.471] [jointLog] [info] Thread saw mini-batch with a maximum of 2.02% zero probability fragments
[2020-07-13 23:02:32.477] [jointLog] [info] Thread saw mini-batch with a maximum of 1.78% zero probability fragments
[2020-07-13 23:02:32.485] [jointLog] [info] Thread saw mini-batch with a maximum of 1.72% zero probability fragments
[2020-07-13 23:02:32.489] [jointLog] [info] Thread saw mini-batch with a maximum of 1.78% zero probability fragments
[2020-07-13 23:02:32.506] [jointLog] [info] Thread saw mini-batch with a maximum of 1.74% zero probability fragments
[2020-07-13 23:02:32.525] [jointLog] [info] Thread saw mini-batch with a maximum of 1.78% zero probability fragments
[2020-07-13 23:02:32.527] [jointLog] [info] Thread saw mini-batch with a maximum of 1.72% zero probability fragments
[2020-07-13 23:02:32.530] [jointLog] [info] Thread saw mini-batch with a maximum of 1.72% zero probability fragments
[2020-07-13 23:02:32.672] [jointLog] [info] Computed 304,862 rich equivalence classes for further processing
[2020-07-13 23:02:32.672] [jointLog] [info] Counted 15,234,043 total reads in the equivalence classes 
[2020-07-13 23:02:32.679] [jointLog] [info] Number of mappings discarded because of alignment score : 14,907,304
[2020-07-13 23:02:32.679] [jointLog] [info] Number of fragments entirely discarded because of alignment score : 337,419
[2020-07-13 23:02:32.679] [jointLog] [info] Number of fragments discarded because they are best-mapped to decoys : 299,203
[2020-07-13 23:02:32.679] [jointLog] [info] Number of fragments discarded because they have only dovetail (discordant) mappings to valid targets : 0
[2020-07-13 23:02:32.679] [jointLog] [info] Mapping rate = 90.9417%

[2020-07-13 23:02:32.679] [jointLog] [info] finished quantifyLibrary()
[2020-07-13 23:02:32.679] [jointLog] [info] Starting optimizer
[2020-07-13 23:02:32.739] [jointLog] [info] Marked 0 weighted equivalence classes as degenerate
[2020-07-13 23:02:32.746] [jointLog] [info] iteration = 0 | max rel diff. = 4662.39
[2020-07-13 23:02:32.827] [jointLog] [info] iteration 11, adjusting effective lengths to account for biases
[2020-07-13 23:02:32.673] [fileLog] [info] 
At end of round 0
==================
Observed 16751440 total fragments (16751440 in most recent round)

[2020-07-13 23:02:51.337] [jointLog] [info] Computed expected counts (for bias correction)
[2020-07-13 23:02:51.338] [jointLog] [info] processed bias for 0.0% of the transcripts
[2020-07-13 23:02:53.436] [jointLog] [info] processed bias for 10.0% of the transcripts
[2020-07-13 23:02:55.559] [jointLog] [info] processed bias for 20.0% of the transcripts
[2020-07-13 23:02:57.690] [jointLog] [info] processed bias for 30.0% of the transcripts
[2020-07-13 23:02:59.544] [jointLog] [info] processed bias for 40.0% of the transcripts
[2020-07-13 23:03:01.578] [jointLog] [info] processed bias for 50.0% of the transcripts
[2020-07-13 23:03:03.683] [jointLog] [info] processed bias for 60.0% of the transcripts
[2020-07-13 23:03:05.559] [jointLog] [info] processed bias for 70.0% of the transcripts
[2020-07-13 23:03:07.613] [jointLog] [info] processed bias for 80.0% of the transcripts
[2020-07-13 23:03:09.703] [jointLog] [info] processed bias for 90.0% of the transcripts
[2020-07-13 23:03:11.914] [jointLog] [info] processed bias for 100.0% of the transcripts
[2020-07-13 23:03:11.917] [jointLog] [info] processed bias for 100.0% of the transcripts
[2020-07-13 23:03:12.738] [jointLog] [info] iteration = 100 | max rel diff. = 14.2684
[2020-07-13 23:03:13.637] [jointLog] [info] iteration = 200 | max rel diff. = 16.8149
[2020-07-13 23:03:14.523] [jointLog] [info] iteration = 300 | max rel diff. = 20.8318
[2020-07-13 23:03:15.419] [jointLog] [info] iteration = 400 | max rel diff. = 9.81702
[2020-07-13 23:03:16.307] [jointLog] [info] iteration = 500 | max rel diff. = 0.74397
[2020-07-13 23:03:17.183] [jointLog] [info] iteration = 600 | max rel diff. = 9.68157
[2020-07-13 23:03:18.060] [jointLog] [info] iteration = 700 | max rel diff. = 2.94727
[2020-07-13 23:03:18.960] [jointLog] [info] iteration = 800 | max rel diff. = 0.144401
[2020-07-13 23:03:19.839] [jointLog] [info] iteration = 900 | max rel diff. = 0.296391
[2020-07-13 23:03:20.714] [jointLog] [info] iteration = 1,000 | max rel diff. = 0.277381
[2020-07-13 23:03:21.595] [jointLog] [info] iteration = 1,100 | max rel diff. = 0.137103
[2020-07-13 23:03:22.473] [jointLog] [info] iteration = 1,200 | max rel diff. = 3.99577
[2020-07-13 23:03:23.345] [jointLog] [info] iteration = 1,300 | max rel diff. = 0.163299
[2020-07-13 23:03:24.220] [jointLog] [info] iteration = 1,400 | max rel diff. = 0.204458
[2020-07-13 23:03:24.273] [jointLog] [info] iteration = 1,407 | max rel diff. = 0.00852984
[2020-07-13 23:03:24.277] [jointLog] [info] Finished optimizer
[2020-07-13 23:03:24.277] [jointLog] [info] writing output 

[2020-07-13 23:03:24.524] [jointLog] [info] Starting Bootstrapping
[2020-07-13 23:03:24.591] [jointLog] [info] Will draw 30 bootstrap samples
[2020-07-13 23:03:24.591] [jointLog] [info] Optimizing over 304,862 equivalence classes
[2020-07-13 23:03:24.607] [jointLog] [info] Marked 0 weighted equivalence classes as degenerate
[2020-07-13 23:05:17.635] [jointLog] [info] wrote 1 bootstraps
[2020-07-13 23:05:21.075] [jointLog] [info] wrote 2 bootstraps
[2020-07-13 23:05:27.573] [jointLog] [info] wrote 3 bootstraps
[2020-07-13 23:05:30.182] [jointLog] [info] wrote 4 bootstraps
[2020-07-13 23:05:33.984] [jointLog] [info] wrote 5 bootstraps
[2020-07-13 23:05:40.851] [jointLog] [info] wrote 6 bootstraps
[2020-07-13 23:05:42.161] [jointLog] [info] wrote 7 bootstraps
[2020-07-13 23:05:45.756] [jointLog] [info] wrote 8 bootstraps
[2020-07-13 23:05:47.919] [jointLog] [info] wrote 9 bootstraps
[2020-07-13 23:05:54.584] [jointLog] [info] wrote 10 bootstraps
[2020-07-13 23:06:07.830] [jointLog] [info] wrote 11 bootstraps
[2020-07-13 23:07:10.289] [jointLog] [info] wrote 12 bootstraps
[2020-07-13 23:07:14.127] [jointLog] [info] wrote 13 bootstraps
[2020-07-13 23:07:17.289] [jointLog] [info] wrote 14 bootstraps
[2020-07-13 23:07:21.573] [jointLog] [info] wrote 15 bootstraps
[2020-07-13 23:07:28.214] [jointLog] [info] wrote 16 bootstraps
[2020-07-13 23:07:32.000] [jointLog] [info] wrote 17 bootstraps
[2020-07-13 23:07:52.930] [jointLog] [info] wrote 18 bootstraps
[2020-07-13 23:07:58.716] [jointLog] [info] wrote 19 bootstraps
[2020-07-13 23:08:07.667] [jointLog] [info] wrote 20 bootstraps
[2020-07-13 23:08:10.208] [jointLog] [info] wrote 21 bootstraps
[2020-07-13 23:08:13.587] [jointLog] [info] wrote 22 bootstraps
[2020-07-13 23:08:44.904] [jointLog] [info] wrote 23 bootstraps
[2020-07-13 23:08:50.124] [jointLog] [info] wrote 24 bootstraps
[2020-07-13 23:08:56.027] [jointLog] [info] wrote 25 bootstraps
[2020-07-13 23:09:09.416] [jointLog] [info] wrote 26 bootstraps
[2020-07-13 23:09:09.470] [jointLog] [info] wrote 27 bootstraps
[2020-07-13 23:09:10.885] [jointLog] [info] wrote 28 bootstraps
[2020-07-13 23:09:10.964] [jointLog] [info] wrote 29 bootstraps
[2020-07-13 23:09:34.048] [jointLog] [info] wrote 30 bootstraps
[2020-07-13 23:09:34.061] [jointLog] [info] Finished Bootstrapping
