[2020-08-11 18:33:15.231] [jointLog] [info] Fragment incompatibility prior below threshold.  Incompatible fragments will be ignored.
[2020-08-11 18:33:15.231] [jointLog] [info] Usage of --validateMappings implies use of minScoreFraction. Since not explicitly specified, it is being set to 0.65
[2020-08-11 18:33:15.231] [jointLog] [info] Usage of --validateMappings implies a default consensus slack of 0.2. Setting consensusSlack to 0.35.
[2020-08-11 18:33:15.231] [jointLog] [info] parsing read library format
[2020-08-11 18:33:15.231] [jointLog] [info] There is 1 library.
[2020-08-11 18:33:15.280] [jointLog] [info] Loading pufferfish index
[2020-08-11 18:33:15.280] [jointLog] [info] Loading dense pufferfish index.
[2020-08-11 18:34:00.060] [jointLog] [info] done
[2020-08-11 18:34:00.060] [jointLog] [info] Index contained 227,257 targets
[2020-08-11 18:34:03.410] [jointLog] [info] Number of decoys : 194
[2020-08-11 18:34:03.410] [jointLog] [info] First decoy index : 227,042 
[2020-08-11 18:34:03.431] [jointLog] [warning] Fragment GC bias correction is currently *experimental* in single-end libraries.  Please use this option with caution.
[2020-08-11 18:34:03.739] [jointLog] [info] Automatically detected most likely library type as SR
[2020-08-11 18:35:31.847] [jointLog] [info] Thread saw mini-batch with a maximum of 1.34% zero probability fragments
[2020-08-11 18:35:31.862] [jointLog] [info] Thread saw mini-batch with a maximum of 1.26% zero probability fragments
[2020-08-11 18:35:31.875] [jointLog] [info] Thread saw mini-batch with a maximum of 1.26% zero probability fragments
[2020-08-11 18:35:31.886] [jointLog] [info] Thread saw mini-batch with a maximum of 1.30% zero probability fragments
[2020-08-11 18:35:31.891] [jointLog] [info] Thread saw mini-batch with a maximum of 1.32% zero probability fragments
[2020-08-11 18:35:31.903] [jointLog] [info] Thread saw mini-batch with a maximum of 1.24% zero probability fragments
[2020-08-11 18:35:31.911] [jointLog] [info] Thread saw mini-batch with a maximum of 1.20% zero probability fragments
[2020-08-11 18:35:31.946] [jointLog] [info] Thread saw mini-batch with a maximum of 1.26% zero probability fragments
[2020-08-11 18:35:31.957] [jointLog] [info] Thread saw mini-batch with a maximum of 1.30% zero probability fragments
[2020-08-11 18:35:31.963] [jointLog] [info] Thread saw mini-batch with a maximum of 1.42% zero probability fragments
[2020-08-11 18:35:31.973] [jointLog] [info] Thread saw mini-batch with a maximum of 1.18% zero probability fragments
[2020-08-11 18:35:32.004] [jointLog] [info] Thread saw mini-batch with a maximum of 1.28% zero probability fragments
[2020-08-11 18:35:32.140] [jointLog] [info] Computed 334,294 rich equivalence classes for further processing
[2020-08-11 18:35:32.140] [jointLog] [info] Counted 16,447,055 total reads in the equivalence classes 
[2020-08-11 18:35:32.146] [jointLog] [info] Number of mappings discarded because of alignment score : 22,971,112
[2020-08-11 18:35:32.146] [jointLog] [info] Number of fragments entirely discarded because of alignment score : 512,925
[2020-08-11 18:35:32.146] [jointLog] [info] Number of fragments discarded because they are best-mapped to decoys : 457,104
[2020-08-11 18:35:32.146] [jointLog] [info] Number of fragments discarded because they have only dovetail (discordant) mappings to valid targets : 0
[2020-08-11 18:35:32.146] [jointLog] [info] Mapping rate = 86.8707%

[2020-08-11 18:35:32.146] [jointLog] [info] finished quantifyLibrary()
[2020-08-11 18:35:32.147] [jointLog] [info] Starting optimizer
[2020-08-11 18:35:32.207] [jointLog] [info] Marked 0 weighted equivalence classes as degenerate
[2020-08-11 18:35:32.215] [jointLog] [info] iteration = 0 | max rel diff. = 4854.1
[2020-08-11 18:35:32.297] [jointLog] [info] iteration 11, adjusting effective lengths to account for biases
[2020-08-11 18:35:32.141] [fileLog] [info] 
At end of round 0
==================
Observed 18932802 total fragments (18932802 in most recent round)

[2020-08-11 18:35:50.899] [jointLog] [info] Computed expected counts (for bias correction)
[2020-08-11 18:35:50.899] [jointLog] [info] processed bias for 0.0% of the transcripts
[2020-08-11 18:35:53.043] [jointLog] [info] processed bias for 10.0% of the transcripts
[2020-08-11 18:35:55.229] [jointLog] [info] processed bias for 20.0% of the transcripts
[2020-08-11 18:35:57.285] [jointLog] [info] processed bias for 30.0% of the transcripts
[2020-08-11 18:35:59.429] [jointLog] [info] processed bias for 40.0% of the transcripts
[2020-08-11 18:36:01.458] [jointLog] [info] processed bias for 50.0% of the transcripts
[2020-08-11 18:36:03.598] [jointLog] [info] processed bias for 60.0% of the transcripts
[2020-08-11 18:36:05.663] [jointLog] [info] processed bias for 70.0% of the transcripts
[2020-08-11 18:36:07.871] [jointLog] [info] processed bias for 80.0% of the transcripts
[2020-08-11 18:36:10.185] [jointLog] [info] processed bias for 90.0% of the transcripts
[2020-08-11 18:36:12.413] [jointLog] [info] processed bias for 100.0% of the transcripts
[2020-08-11 18:36:13.246] [jointLog] [info] iteration = 100 | max rel diff. = 17.2173
[2020-08-11 18:36:14.155] [jointLog] [info] iteration = 200 | max rel diff. = 8.9924
[2020-08-11 18:36:15.063] [jointLog] [info] iteration = 300 | max rel diff. = 9.48174
[2020-08-11 18:36:15.968] [jointLog] [info] iteration = 400 | max rel diff. = 14.0754
[2020-08-11 18:36:16.874] [jointLog] [info] iteration = 500 | max rel diff. = 2.73206
[2020-08-11 18:36:17.784] [jointLog] [info] iteration = 600 | max rel diff. = 0.17602
[2020-08-11 18:36:18.690] [jointLog] [info] iteration = 700 | max rel diff. = 1.72907
[2020-08-11 18:36:19.597] [jointLog] [info] iteration = 800 | max rel diff. = 0.387395
[2020-08-11 18:36:20.503] [jointLog] [info] iteration = 900 | max rel diff. = 0.38652
[2020-08-11 18:36:21.409] [jointLog] [info] iteration = 1,000 | max rel diff. = 0.26746
[2020-08-11 18:36:22.317] [jointLog] [info] iteration = 1,100 | max rel diff. = 0.407707
[2020-08-11 18:36:23.225] [jointLog] [info] iteration = 1,200 | max rel diff. = 0.269495
[2020-08-11 18:36:24.132] [jointLog] [info] iteration = 1,300 | max rel diff. = 0.0496326
[2020-08-11 18:36:25.038] [jointLog] [info] iteration = 1,400 | max rel diff. = 0.0205671
[2020-08-11 18:36:25.944] [jointLog] [info] iteration = 1,500 | max rel diff. = 1.16215
[2020-08-11 18:36:26.853] [jointLog] [info] iteration = 1,600 | max rel diff. = 0.0158843
[2020-08-11 18:36:27.761] [jointLog] [info] iteration = 1,700 | max rel diff. = 0.223027
[2020-08-11 18:36:28.667] [jointLog] [info] iteration = 1,800 | max rel diff. = 0.207871
[2020-08-11 18:36:28.784] [jointLog] [info] iteration = 1,814 | max rel diff. = 0.00699073
[2020-08-11 18:36:28.789] [jointLog] [info] Finished optimizer
[2020-08-11 18:36:28.789] [jointLog] [info] writing output 

[2020-08-11 18:36:29.041] [jointLog] [info] Starting Bootstrapping
[2020-08-11 18:36:29.109] [jointLog] [info] Will draw 30 bootstrap samples
[2020-08-11 18:36:29.109] [jointLog] [info] Optimizing over 334,294 equivalence classes
[2020-08-11 18:36:29.126] [jointLog] [info] Marked 0 weighted equivalence classes as degenerate
[2020-08-11 18:38:39.206] [jointLog] [info] wrote 1 bootstraps
[2020-08-11 18:38:51.241] [jointLog] [info] wrote 2 bootstraps
[2020-08-11 18:38:52.882] [jointLog] [info] wrote 3 bootstraps
[2020-08-11 18:38:53.156] [jointLog] [info] wrote 4 bootstraps
[2020-08-11 18:38:56.913] [jointLog] [info] wrote 5 bootstraps
[2020-08-11 18:39:02.826] [jointLog] [info] wrote 6 bootstraps
[2020-08-11 18:39:06.573] [jointLog] [info] wrote 7 bootstraps
[2020-08-11 18:39:10.513] [jointLog] [info] wrote 8 bootstraps
[2020-08-11 18:39:11.275] [jointLog] [info] wrote 9 bootstraps
[2020-08-11 18:39:14.863] [jointLog] [info] wrote 10 bootstraps
[2020-08-11 18:39:32.622] [jointLog] [info] wrote 11 bootstraps
[2020-08-11 18:40:34.518] [jointLog] [info] wrote 12 bootstraps
[2020-08-11 18:40:58.563] [jointLog] [info] wrote 13 bootstraps
[2020-08-11 18:40:58.618] [jointLog] [info] wrote 14 bootstraps
[2020-08-11 18:41:08.658] [jointLog] [info] wrote 15 bootstraps
[2020-08-11 18:41:13.023] [jointLog] [info] wrote 16 bootstraps
[2020-08-11 18:41:18.636] [jointLog] [info] wrote 17 bootstraps
[2020-08-11 18:41:23.872] [jointLog] [info] wrote 18 bootstraps
[2020-08-11 18:41:41.405] [jointLog] [info] wrote 19 bootstraps
[2020-08-11 18:41:57.165] [jointLog] [info] wrote 20 bootstraps
[2020-08-11 18:41:57.235] [jointLog] [info] wrote 21 bootstraps
[2020-08-11 18:42:34.393] [jointLog] [info] wrote 22 bootstraps
[2020-08-11 18:42:35.661] [jointLog] [info] wrote 23 bootstraps
[2020-08-11 18:42:51.195] [jointLog] [info] wrote 24 bootstraps
[2020-08-11 18:42:57.656] [jointLog] [info] wrote 25 bootstraps
[2020-08-11 18:43:03.473] [jointLog] [info] wrote 26 bootstraps
[2020-08-11 18:43:07.069] [jointLog] [info] wrote 27 bootstraps
[2020-08-11 18:43:09.560] [jointLog] [info] wrote 28 bootstraps
[2020-08-11 18:43:12.597] [jointLog] [info] wrote 29 bootstraps
[2020-08-11 18:43:25.441] [jointLog] [info] wrote 30 bootstraps
[2020-08-11 18:43:25.453] [jointLog] [info] Finished Bootstrapping
