[2020-08-11 17:55:19.317] [jointLog] [info] Fragment incompatibility prior below threshold.  Incompatible fragments will be ignored.
[2020-08-11 17:55:19.317] [jointLog] [info] Usage of --validateMappings implies use of minScoreFraction. Since not explicitly specified, it is being set to 0.65
[2020-08-11 17:55:19.317] [jointLog] [info] Usage of --validateMappings implies a default consensus slack of 0.2. Setting consensusSlack to 0.35.
[2020-08-11 17:55:19.317] [jointLog] [info] parsing read library format
[2020-08-11 17:55:19.317] [jointLog] [info] There is 1 library.
[2020-08-11 17:55:19.399] [jointLog] [info] Loading pufferfish index
[2020-08-11 17:55:19.399] [jointLog] [info] Loading dense pufferfish index.
[2020-08-11 17:58:03.823] [jointLog] [info] done
[2020-08-11 17:58:03.844] [jointLog] [info] Index contained 227,257 targets
[2020-08-11 17:58:06.960] [jointLog] [info] Number of decoys : 194
[2020-08-11 17:58:06.960] [jointLog] [info] First decoy index : 227,042 
[2020-08-11 17:58:06.980] [jointLog] [warning] Fragment GC bias correction is currently *experimental* in single-end libraries.  Please use this option with caution.
[2020-08-11 17:58:07.277] [jointLog] [info] Automatically detected most likely library type as SR
[2020-08-11 17:59:57.873] [jointLog] [info] Thread saw mini-batch with a maximum of 1.28% zero probability fragments
[2020-08-11 17:59:57.897] [jointLog] [info] Thread saw mini-batch with a maximum of 1.28% zero probability fragments
[2020-08-11 17:59:57.928] [jointLog] [info] Thread saw mini-batch with a maximum of 1.32% zero probability fragments
[2020-08-11 17:59:57.932] [jointLog] [info] Thread saw mini-batch with a maximum of 1.22% zero probability fragments
[2020-08-11 17:59:57.943] [jointLog] [info] Thread saw mini-batch with a maximum of 1.30% zero probability fragments
[2020-08-11 17:59:57.971] [jointLog] [info] Thread saw mini-batch with a maximum of 1.30% zero probability fragments
[2020-08-11 17:59:57.994] [jointLog] [info] Thread saw mini-batch with a maximum of 1.26% zero probability fragments
[2020-08-11 17:59:58.008] [jointLog] [info] Thread saw mini-batch with a maximum of 1.24% zero probability fragments
[2020-08-11 17:59:58.022] [jointLog] [info] Thread saw mini-batch with a maximum of 1.26% zero probability fragments
[2020-08-11 17:59:58.028] [jointLog] [info] Thread saw mini-batch with a maximum of 1.30% zero probability fragments
[2020-08-11 17:59:58.038] [jointLog] [info] Thread saw mini-batch with a maximum of 1.24% zero probability fragments
[2020-08-11 17:59:58.060] [jointLog] [info] Thread saw mini-batch with a maximum of 1.38% zero probability fragments
[2020-08-11 17:59:58.203] [jointLog] [info] Computed 362,884 rich equivalence classes for further processing
[2020-08-11 17:59:58.203] [jointLog] [info] Counted 20,283,025 total reads in the equivalence classes 
[2020-08-11 17:59:58.209] [jointLog] [info] Number of mappings discarded because of alignment score : 30,510,143
[2020-08-11 17:59:58.209] [jointLog] [info] Number of fragments entirely discarded because of alignment score : 689,238
[2020-08-11 17:59:58.209] [jointLog] [info] Number of fragments discarded because they are best-mapped to decoys : 618,167
[2020-08-11 17:59:58.209] [jointLog] [info] Number of fragments discarded because they have only dovetail (discordant) mappings to valid targets : 0
[2020-08-11 17:59:58.209] [jointLog] [info] Mapping rate = 86.3064%

[2020-08-11 17:59:58.209] [jointLog] [info] finished quantifyLibrary()
[2020-08-11 17:59:58.209] [jointLog] [info] Starting optimizer
[2020-08-11 17:59:58.311] [jointLog] [info] Marked 0 weighted equivalence classes as degenerate
[2020-08-11 17:59:58.319] [jointLog] [info] iteration = 0 | max rel diff. = 5301.53
[2020-08-11 17:59:58.405] [jointLog] [info] iteration 11, adjusting effective lengths to account for biases
[2020-08-11 17:59:58.203] [fileLog] [info] 
At end of round 0
==================
Observed 23501184 total fragments (23501184 in most recent round)

[2020-08-11 18:00:17.675] [jointLog] [info] Computed expected counts (for bias correction)
[2020-08-11 18:00:17.676] [jointLog] [info] processed bias for 0.0% of the transcripts
[2020-08-11 18:00:19.737] [jointLog] [info] processed bias for 10.0% of the transcripts
[2020-08-11 18:00:21.886] [jointLog] [info] processed bias for 20.0% of the transcripts
[2020-08-11 18:00:24.048] [jointLog] [info] processed bias for 30.0% of the transcripts
[2020-08-11 18:00:26.232] [jointLog] [info] processed bias for 40.0% of the transcripts
[2020-08-11 18:00:28.486] [jointLog] [info] processed bias for 50.0% of the transcripts
[2020-08-11 18:00:30.696] [jointLog] [info] processed bias for 60.0% of the transcripts
[2020-08-11 18:00:32.863] [jointLog] [info] processed bias for 70.0% of the transcripts
[2020-08-11 18:00:35.157] [jointLog] [info] processed bias for 80.0% of the transcripts
[2020-08-11 18:00:37.226] [jointLog] [info] processed bias for 90.0% of the transcripts
[2020-08-11 18:00:39.303] [jointLog] [info] processed bias for 100.0% of the transcripts
[2020-08-11 18:00:39.305] [jointLog] [info] processed bias for 100.0% of the transcripts
[2020-08-11 18:00:40.180] [jointLog] [info] iteration = 100 | max rel diff. = 15.2981
[2020-08-11 18:00:41.138] [jointLog] [info] iteration = 200 | max rel diff. = 8.65933
[2020-08-11 18:00:42.096] [jointLog] [info] iteration = 300 | max rel diff. = 7.85853
[2020-08-11 18:00:43.051] [jointLog] [info] iteration = 400 | max rel diff. = 3.28778
[2020-08-11 18:00:44.006] [jointLog] [info] iteration = 500 | max rel diff. = 1.89413
[2020-08-11 18:00:44.963] [jointLog] [info] iteration = 600 | max rel diff. = 0.853676
[2020-08-11 18:00:45.916] [jointLog] [info] iteration = 700 | max rel diff. = 0.247461
[2020-08-11 18:00:46.872] [jointLog] [info] iteration = 800 | max rel diff. = 1.60599
[2020-08-11 18:00:47.829] [jointLog] [info] iteration = 900 | max rel diff. = 0.760986
[2020-08-11 18:00:48.784] [jointLog] [info] iteration = 1,000 | max rel diff. = 1.9262
[2020-08-11 18:00:49.739] [jointLog] [info] iteration = 1,100 | max rel diff. = 0.127309
[2020-08-11 18:00:50.694] [jointLog] [info] iteration = 1,200 | max rel diff. = 0.477418
[2020-08-11 18:00:51.651] [jointLog] [info] iteration = 1,300 | max rel diff. = 0.229399
[2020-08-11 18:00:52.607] [jointLog] [info] iteration = 1,400 | max rel diff. = 0.134491
[2020-08-11 18:00:53.562] [jointLog] [info] iteration = 1,500 | max rel diff. = 0.800926
[2020-08-11 18:00:54.516] [jointLog] [info] iteration = 1,600 | max rel diff. = 0.230437
[2020-08-11 18:00:55.470] [jointLog] [info] iteration = 1,700 | max rel diff. = 0.113046
[2020-08-11 18:00:56.426] [jointLog] [info] iteration = 1,800 | max rel diff. = 12.8559
[2020-08-11 18:00:57.387] [jointLog] [info] iteration = 1,900 | max rel diff. = 0.0660515
[2020-08-11 18:00:58.347] [jointLog] [info] iteration = 2,000 | max rel diff. = 2.33746
[2020-08-11 18:00:58.538] [jointLog] [info] iteration = 2,021 | max rel diff. = 0.00948793
[2020-08-11 18:00:58.543] [jointLog] [info] Finished optimizer
[2020-08-11 18:00:58.543] [jointLog] [info] writing output 

[2020-08-11 18:00:58.839] [jointLog] [info] Starting Bootstrapping
[2020-08-11 18:00:58.911] [jointLog] [info] Will draw 30 bootstrap samples
[2020-08-11 18:00:58.911] [jointLog] [info] Optimizing over 362,884 equivalence classes
[2020-08-11 18:00:58.929] [jointLog] [info] Marked 0 weighted equivalence classes as degenerate
[2020-08-11 18:03:30.095] [jointLog] [info] wrote 1 bootstraps
[2020-08-11 18:03:48.896] [jointLog] [info] wrote 2 bootstraps
[2020-08-11 18:03:50.766] [jointLog] [info] wrote 3 bootstraps
[2020-08-11 18:03:59.786] [jointLog] [info] wrote 4 bootstraps
[2020-08-11 18:04:11.673] [jointLog] [info] wrote 5 bootstraps
[2020-08-11 18:04:20.949] [jointLog] [info] wrote 6 bootstraps
[2020-08-11 18:04:22.767] [jointLog] [info] wrote 7 bootstraps
[2020-08-11 18:04:26.639] [jointLog] [info] wrote 8 bootstraps
[2020-08-11 18:04:27.308] [jointLog] [info] wrote 9 bootstraps
[2020-08-11 18:04:30.105] [jointLog] [info] wrote 10 bootstraps
[2020-08-11 18:04:39.711] [jointLog] [info] wrote 11 bootstraps
[2020-08-11 18:06:26.011] [jointLog] [info] wrote 12 bootstraps
[2020-08-11 18:06:31.847] [jointLog] [info] wrote 13 bootstraps
[2020-08-11 18:06:56.762] [jointLog] [info] wrote 14 bootstraps
[2020-08-11 18:07:04.896] [jointLog] [info] wrote 15 bootstraps
[2020-08-11 18:07:08.946] [jointLog] [info] wrote 16 bootstraps
[2020-08-11 18:07:16.161] [jointLog] [info] wrote 17 bootstraps
[2020-08-11 18:07:16.537] [jointLog] [info] wrote 18 bootstraps
[2020-08-11 18:07:25.450] [jointLog] [info] wrote 19 bootstraps
[2020-08-11 18:07:36.584] [jointLog] [info] wrote 20 bootstraps
[2020-08-11 18:07:38.680] [jointLog] [info] wrote 21 bootstraps
[2020-08-11 18:07:52.531] [jointLog] [info] wrote 22 bootstraps
[2020-08-11 18:08:33.520] [jointLog] [info] wrote 23 bootstraps
[2020-08-11 18:08:48.100] [jointLog] [info] wrote 24 bootstraps
[2020-08-11 18:09:06.395] [jointLog] [info] wrote 25 bootstraps
[2020-08-11 18:09:07.616] [jointLog] [info] wrote 26 bootstraps
[2020-08-11 18:09:15.409] [jointLog] [info] wrote 27 bootstraps
[2020-08-11 18:09:19.566] [jointLog] [info] wrote 28 bootstraps
[2020-08-11 18:09:20.869] [jointLog] [info] wrote 29 bootstraps
[2020-08-11 18:09:28.339] [jointLog] [info] wrote 30 bootstraps
[2020-08-11 18:09:28.352] [jointLog] [info] Finished Bootstrapping
