[2020-03-12 11:58:43.515] [jointLog] [info] Fragment incompatibility prior below threshold.  Incompatible fragments will be ignored.
[2020-03-12 11:58:43.515] [jointLog] [info] Usage of --validateMappings implies use of minScoreFraction. Since not explicitly specified, it is being set to 0.65
[2020-03-12 11:58:43.515] [jointLog] [info] Usage of --validateMappings implies a default consensus slack of 0.2. Setting consensusSlack to 0.35.
[2020-03-12 11:58:43.515] [jointLog] [info] parsing read library format
[2020-03-12 11:58:43.515] [jointLog] [info] There is 1 library.
[2020-03-12 11:58:43.558] [jointLog] [info] Loading pufferfish index
[2020-03-12 11:58:43.558] [jointLog] [info] Loading dense pufferfish index.
[2020-03-12 11:59:22.552] [jointLog] [info] done
[2020-03-12 11:59:22.552] [jointLog] [info] Index contained 227,257 targets
[2020-03-12 11:59:25.699] [jointLog] [info] Number of decoys : 194
[2020-03-12 11:59:25.699] [jointLog] [info] First decoy index : 227,042 
[2020-03-12 11:59:25.719] [jointLog] [warning] Fragment GC bias correction is currently *experimental* in single-end libraries.  Please use this option with caution.
[2020-03-12 11:59:26.285] [jointLog] [info] Automatically detected most likely library type as U
[2020-03-12 12:02:00.094] [fileLog] [info] 
At end of round 0
==================
Observed 14206628 total fragments (14206628 in most recent round)

[2020-03-12 12:02:00.094] [jointLog] [info] Computed 287,959 rich equivalence classes for further processing
[2020-03-12 12:02:00.094] [jointLog] [info] Counted 9,540,119 total reads in the equivalence classes 
[2020-03-12 12:02:00.099] [jointLog] [info] Number of mappings discarded because of alignment score : 161,893,634
[2020-03-12 12:02:00.099] [jointLog] [info] Number of fragments entirely discarded because of alignment score : 2,100,917
[2020-03-12 12:02:00.099] [jointLog] [info] Number of fragments discarded because they are best-mapped to decoys : 547,168
[2020-03-12 12:02:00.099] [jointLog] [info] Number of fragments discarded because they have only dovetail (discordant) mappings to valid targets : 0
[2020-03-12 12:02:00.099] [jointLog] [info] Mapping rate = 67.1526%

[2020-03-12 12:02:00.099] [jointLog] [info] finished quantifyLibrary()
[2020-03-12 12:02:00.099] [jointLog] [info] Starting optimizer
[2020-03-12 12:02:01.112] [jointLog] [info] Marked 0 weighted equivalence classes as degenerate
[2020-03-12 12:02:01.119] [jointLog] [info] iteration = 0 | max rel diff. = 3396.91
[2020-03-12 12:02:01.191] [jointLog] [info] iteration 11, adjusting effective lengths to account for biases
[2020-03-12 12:02:14.362] [jointLog] [info] Computed expected counts (for bias correction)
[2020-03-12 12:02:14.362] [jointLog] [info] processed bias for 0.0% of the transcripts
[2020-03-12 12:02:15.734] [jointLog] [info] processed bias for 10.0% of the transcripts
[2020-03-12 12:02:17.168] [jointLog] [info] processed bias for 20.0% of the transcripts
[2020-03-12 12:02:18.817] [jointLog] [info] processed bias for 30.0% of the transcripts
[2020-03-12 12:02:20.308] [jointLog] [info] processed bias for 40.0% of the transcripts
[2020-03-12 12:02:21.684] [jointLog] [info] processed bias for 50.0% of the transcripts
[2020-03-12 12:02:23.094] [jointLog] [info] processed bias for 60.0% of the transcripts
[2020-03-12 12:02:24.665] [jointLog] [info] processed bias for 70.0% of the transcripts
[2020-03-12 12:02:26.213] [jointLog] [info] processed bias for 80.0% of the transcripts
[2020-03-12 12:02:27.630] [jointLog] [info] processed bias for 90.0% of the transcripts
[2020-03-12 12:02:29.176] [jointLog] [info] processed bias for 100.0% of the transcripts
[2020-03-12 12:02:29.924] [jointLog] [info] iteration = 100 | max rel diff. = 18.4457
[2020-03-12 12:02:30.741] [jointLog] [info] iteration = 200 | max rel diff. = 16.7835
[2020-03-12 12:02:31.561] [jointLog] [info] iteration = 300 | max rel diff. = 6.38892
[2020-03-12 12:02:32.378] [jointLog] [info] iteration = 400 | max rel diff. = 1.91931
[2020-03-12 12:02:33.197] [jointLog] [info] iteration = 500 | max rel diff. = 0.705825
[2020-03-12 12:02:34.019] [jointLog] [info] iteration = 600 | max rel diff. = 0.0720599
[2020-03-12 12:02:34.839] [jointLog] [info] iteration = 700 | max rel diff. = 1.07755
[2020-03-12 12:02:35.659] [jointLog] [info] iteration = 800 | max rel diff. = 0.0438099
[2020-03-12 12:02:36.482] [jointLog] [info] iteration = 900 | max rel diff. = 0.0876465
[2020-03-12 12:02:37.301] [jointLog] [info] iteration = 1,000 | max rel diff. = 0.0190223
[2020-03-12 12:02:38.119] [jointLog] [info] iteration = 1,100 | max rel diff. = 0.0407176
[2020-03-12 12:02:38.937] [jointLog] [info] iteration = 1,200 | max rel diff. = 0.155597
[2020-03-12 12:02:39.756] [jointLog] [info] iteration = 1,300 | max rel diff. = 0.0328022
[2020-03-12 12:02:40.580] [jointLog] [info] iteration = 1,400 | max rel diff. = 0.0741727
[2020-03-12 12:02:40.827] [jointLog] [info] iteration = 1,431 | max rel diff. = 0.00650981
[2020-03-12 12:02:40.831] [jointLog] [info] Finished optimizer
[2020-03-12 12:02:40.831] [jointLog] [info] writing output 

[2020-03-12 12:02:41.057] [jointLog] [info] Starting Bootstrapping
[2020-03-12 12:02:41.117] [jointLog] [info] Will draw 30 bootstrap samples
[2020-03-12 12:02:41.117] [jointLog] [info] Optimizing over 287,959 equivalence classes
[2020-03-12 12:02:41.133] [jointLog] [info] Marked 0 weighted equivalence classes as degenerate
[2020-03-12 12:03:52.948] [jointLog] [info] wrote 1 bootstraps
[2020-03-12 12:03:58.012] [jointLog] [info] wrote 2 bootstraps
[2020-03-12 12:04:01.835] [jointLog] [info] wrote 3 bootstraps
[2020-03-12 12:04:02.517] [jointLog] [info] wrote 4 bootstraps
[2020-03-12 12:04:03.601] [jointLog] [info] wrote 5 bootstraps
[2020-03-12 12:04:05.156] [jointLog] [info] wrote 6 bootstraps
[2020-03-12 12:04:08.446] [jointLog] [info] wrote 7 bootstraps
[2020-03-12 12:04:10.845] [jointLog] [info] wrote 8 bootstraps
[2020-03-12 12:04:13.910] [jointLog] [info] wrote 9 bootstraps
[2020-03-12 12:04:15.076] [jointLog] [info] wrote 10 bootstraps
[2020-03-12 12:04:15.225] [jointLog] [info] wrote 11 bootstraps
[2020-03-12 12:05:00.589] [jointLog] [info] wrote 12 bootstraps
[2020-03-12 12:05:15.515] [jointLog] [info] wrote 13 bootstraps
[2020-03-12 12:05:22.915] [jointLog] [info] wrote 14 bootstraps
[2020-03-12 12:05:24.873] [jointLog] [info] wrote 15 bootstraps
[2020-03-12 12:05:25.906] [jointLog] [info] wrote 16 bootstraps
[2020-03-12 12:05:26.771] [jointLog] [info] wrote 17 bootstraps
[2020-03-12 12:05:29.420] [jointLog] [info] wrote 18 bootstraps
[2020-03-12 12:05:30.350] [jointLog] [info] wrote 19 bootstraps
[2020-03-12 12:05:40.090] [jointLog] [info] wrote 20 bootstraps
[2020-03-12 12:05:44.542] [jointLog] [info] wrote 21 bootstraps
[2020-03-12 12:05:53.236] [jointLog] [info] wrote 22 bootstraps
[2020-03-12 12:06:09.251] [jointLog] [info] wrote 23 bootstraps
[2020-03-12 12:06:17.839] [jointLog] [info] wrote 24 bootstraps
[2020-03-12 12:06:29.483] [jointLog] [info] wrote 25 bootstraps
[2020-03-12 12:06:29.859] [jointLog] [info] wrote 26 bootstraps
[2020-03-12 12:06:31.315] [jointLog] [info] wrote 27 bootstraps
[2020-03-12 12:06:31.340] [jointLog] [info] wrote 28 bootstraps
[2020-03-12 12:06:33.615] [jointLog] [info] wrote 29 bootstraps
[2020-03-12 12:06:34.169] [jointLog] [info] wrote 30 bootstraps
[2020-03-12 12:06:34.180] [jointLog] [info] Finished Bootstrapping
[2020-03-12 12:06:34.180] [jointLog] [warning] NOTE: Read Lib [[ /dev/fd/63 ]] :

Detected a *potential* strand bias > 1% in an unstranded protocol check the file: /home/mks/mks/data_and_results/step9_salmon_quant/quants/ei7645_good/lib_format_counts.json for details

