[2020-08-11 18:54:13.944] [jointLog] [info] Fragment incompatibility prior below threshold.  Incompatible fragments will be ignored.
[2020-08-11 18:54:13.944] [jointLog] [info] Usage of --validateMappings implies use of minScoreFraction. Since not explicitly specified, it is being set to 0.65
[2020-08-11 18:54:13.944] [jointLog] [info] Usage of --validateMappings implies a default consensus slack of 0.2. Setting consensusSlack to 0.35.
[2020-08-11 18:54:13.944] [jointLog] [info] parsing read library format
[2020-08-11 18:54:13.944] [jointLog] [info] There is 1 library.
[2020-08-11 18:54:13.993] [jointLog] [info] Loading pufferfish index
[2020-08-11 18:54:13.993] [jointLog] [info] Loading dense pufferfish index.
[2020-08-11 18:54:53.549] [jointLog] [info] done
[2020-08-11 18:54:53.549] [jointLog] [info] Index contained 227,257 targets
[2020-08-11 18:54:56.776] [jointLog] [info] Number of decoys : 194
[2020-08-11 18:54:56.776] [jointLog] [info] First decoy index : 227,042 
[2020-08-11 18:54:56.796] [jointLog] [warning] Fragment GC bias correction is currently *experimental* in single-end libraries.  Please use this option with caution.
[2020-08-11 18:54:57.180] [jointLog] [info] Automatically detected most likely library type as SR
[2020-08-11 18:56:59.443] [jointLog] [info] Thread saw mini-batch with a maximum of 1.30% zero probability fragments
[2020-08-11 18:56:59.478] [jointLog] [info] Thread saw mini-batch with a maximum of 1.30% zero probability fragments
[2020-08-11 18:56:59.500] [jointLog] [info] Thread saw mini-batch with a maximum of 1.28% zero probability fragments
[2020-08-11 18:56:59.508] [jointLog] [info] Thread saw mini-batch with a maximum of 1.22% zero probability fragments
[2020-08-11 18:56:59.514] [jointLog] [info] Thread saw mini-batch with a maximum of 1.24% zero probability fragments
[2020-08-11 18:56:59.536] [jointLog] [info] Thread saw mini-batch with a maximum of 1.28% zero probability fragments
[2020-08-11 18:56:59.536] [jointLog] [info] Thread saw mini-batch with a maximum of 1.28% zero probability fragments
[2020-08-11 18:56:59.572] [jointLog] [info] Thread saw mini-batch with a maximum of 1.26% zero probability fragments
[2020-08-11 18:56:59.578] [jointLog] [info] Thread saw mini-batch with a maximum of 1.22% zero probability fragments
[2020-08-11 18:56:59.587] [jointLog] [info] Thread saw mini-batch with a maximum of 1.22% zero probability fragments
[2020-08-11 18:56:59.620] [jointLog] [info] Thread saw mini-batch with a maximum of 1.30% zero probability fragments
[2020-08-11 18:56:59.624] [jointLog] [info] Thread saw mini-batch with a maximum of 1.22% zero probability fragments
[2020-08-11 18:56:59.762] [jointLog] [info] Computed 359,904 rich equivalence classes for further processing
[2020-08-11 18:56:59.762] [jointLog] [info] Counted 22,735,340 total reads in the equivalence classes 
[2020-08-11 18:56:59.768] [jointLog] [info] Number of mappings discarded because of alignment score : 31,604,254
[2020-08-11 18:56:59.768] [jointLog] [info] Number of fragments entirely discarded because of alignment score : 695,586
[2020-08-11 18:56:59.768] [jointLog] [info] Number of fragments discarded because they are best-mapped to decoys : 619,817
[2020-08-11 18:56:59.768] [jointLog] [info] Number of fragments discarded because they have only dovetail (discordant) mappings to valid targets : 0
[2020-08-11 18:56:59.768] [jointLog] [info] Mapping rate = 87.4994%

[2020-08-11 18:56:59.768] [jointLog] [info] finished quantifyLibrary()
[2020-08-11 18:56:59.768] [jointLog] [info] Starting optimizer
[2020-08-11 18:56:59.830] [jointLog] [info] Marked 0 weighted equivalence classes as degenerate
[2020-08-11 18:56:59.839] [jointLog] [info] iteration = 0 | max rel diff. = 5457.18
[2020-08-11 18:56:59.923] [jointLog] [info] iteration 11, adjusting effective lengths to account for biases
[2020-08-11 18:56:59.762] [fileLog] [info] 
At end of round 0
==================
Observed 25983417 total fragments (25983417 in most recent round)

[2020-08-11 18:57:19.055] [jointLog] [info] Computed expected counts (for bias correction)
[2020-08-11 18:57:19.055] [jointLog] [info] processed bias for 0.0% of the transcripts
[2020-08-11 18:57:21.212] [jointLog] [info] processed bias for 10.0% of the transcripts
[2020-08-11 18:57:23.396] [jointLog] [info] processed bias for 20.0% of the transcripts
[2020-08-11 18:57:25.460] [jointLog] [info] processed bias for 30.0% of the transcripts
[2020-08-11 18:57:27.563] [jointLog] [info] processed bias for 40.0% of the transcripts
[2020-08-11 18:57:29.671] [jointLog] [info] processed bias for 50.0% of the transcripts
[2020-08-11 18:57:31.871] [jointLog] [info] processed bias for 60.0% of the transcripts
[2020-08-11 18:57:33.877] [jointLog] [info] processed bias for 70.0% of the transcripts
[2020-08-11 18:57:36.082] [jointLog] [info] processed bias for 80.0% of the transcripts
[2020-08-11 18:57:38.417] [jointLog] [info] processed bias for 90.0% of the transcripts
[2020-08-11 18:57:40.685] [jointLog] [info] processed bias for 100.0% of the transcripts
[2020-08-11 18:57:40.694] [jointLog] [info] processed bias for 100.0% of the transcripts
[2020-08-11 18:57:41.569] [jointLog] [info] iteration = 100 | max rel diff. = 19.5932
[2020-08-11 18:57:42.528] [jointLog] [info] iteration = 200 | max rel diff. = 6.66744
[2020-08-11 18:57:43.485] [jointLog] [info] iteration = 300 | max rel diff. = 9.10137
[2020-08-11 18:57:44.443] [jointLog] [info] iteration = 400 | max rel diff. = 2.71564
[2020-08-11 18:57:45.400] [jointLog] [info] iteration = 500 | max rel diff. = 3.69583
[2020-08-11 18:57:46.357] [jointLog] [info] iteration = 600 | max rel diff. = 2.50334
[2020-08-11 18:57:47.316] [jointLog] [info] iteration = 700 | max rel diff. = 0.527725
[2020-08-11 18:57:48.276] [jointLog] [info] iteration = 800 | max rel diff. = 12.0708
[2020-08-11 18:57:49.231] [jointLog] [info] iteration = 900 | max rel diff. = 1.07406
[2020-08-11 18:57:50.187] [jointLog] [info] iteration = 1,000 | max rel diff. = 0.271467
[2020-08-11 18:57:51.142] [jointLog] [info] iteration = 1,100 | max rel diff. = 0.479359
[2020-08-11 18:57:52.096] [jointLog] [info] iteration = 1,200 | max rel diff. = 15.5484
[2020-08-11 18:57:53.051] [jointLog] [info] iteration = 1,300 | max rel diff. = 0.572097
[2020-08-11 18:57:54.008] [jointLog] [info] iteration = 1,400 | max rel diff. = 0.774706
[2020-08-11 18:57:54.964] [jointLog] [info] iteration = 1,500 | max rel diff. = 0.707617
[2020-08-11 18:57:55.921] [jointLog] [info] iteration = 1,600 | max rel diff. = 0.105755
[2020-08-11 18:57:56.408] [jointLog] [info] iteration = 1,652 | max rel diff. = 0.00922908
[2020-08-11 18:57:56.413] [jointLog] [info] Finished optimizer
[2020-08-11 18:57:56.413] [jointLog] [info] writing output 

[2020-08-11 18:57:56.650] [jointLog] [info] Starting Bootstrapping
[2020-08-11 18:57:56.716] [jointLog] [info] Will draw 30 bootstrap samples
[2020-08-11 18:57:56.716] [jointLog] [info] Optimizing over 359,904 equivalence classes
[2020-08-11 18:57:56.734] [jointLog] [info] Marked 0 weighted equivalence classes as degenerate
[2020-08-11 18:59:57.363] [jointLog] [info] wrote 1 bootstraps
[2020-08-11 19:00:33.891] [jointLog] [info] wrote 2 bootstraps
[2020-08-11 19:00:34.497] [jointLog] [info] wrote 3 bootstraps
[2020-08-11 19:00:37.969] [jointLog] [info] wrote 4 bootstraps
[2020-08-11 19:00:53.224] [jointLog] [info] wrote 5 bootstraps
[2020-08-11 19:00:54.365] [jointLog] [info] wrote 6 bootstraps
[2020-08-11 19:01:06.498] [jointLog] [info] wrote 7 bootstraps
[2020-08-11 19:01:08.723] [jointLog] [info] wrote 8 bootstraps
[2020-08-11 19:01:10.888] [jointLog] [info] wrote 9 bootstraps
[2020-08-11 19:01:27.537] [jointLog] [info] wrote 10 bootstraps
[2020-08-11 19:01:37.007] [jointLog] [info] wrote 11 bootstraps
[2020-08-11 19:02:09.432] [jointLog] [info] wrote 12 bootstraps
[2020-08-11 19:03:26.603] [jointLog] [info] wrote 13 bootstraps
[2020-08-11 19:03:39.818] [jointLog] [info] wrote 14 bootstraps
[2020-08-11 19:03:48.927] [jointLog] [info] wrote 15 bootstraps
[2020-08-11 19:03:51.339] [jointLog] [info] wrote 16 bootstraps
[2020-08-11 19:03:57.072] [jointLog] [info] wrote 17 bootstraps
[2020-08-11 19:04:00.145] [jointLog] [info] wrote 18 bootstraps
[2020-08-11 19:04:16.186] [jointLog] [info] wrote 19 bootstraps
[2020-08-11 19:04:28.348] [jointLog] [info] wrote 20 bootstraps
[2020-08-11 19:04:29.464] [jointLog] [info] wrote 21 bootstraps
[2020-08-11 19:04:39.646] [jointLog] [info] wrote 22 bootstraps
[2020-08-11 19:04:57.230] [jointLog] [info] wrote 23 bootstraps
[2020-08-11 19:05:24.292] [jointLog] [info] wrote 24 bootstraps
[2020-08-11 19:05:32.685] [jointLog] [info] wrote 25 bootstraps
[2020-08-11 19:05:37.121] [jointLog] [info] wrote 26 bootstraps
[2020-08-11 19:05:48.662] [jointLog] [info] wrote 27 bootstraps
[2020-08-11 19:05:54.162] [jointLog] [info] wrote 28 bootstraps
[2020-08-11 19:05:54.365] [jointLog] [info] wrote 29 bootstraps
[2020-08-11 19:06:09.988] [jointLog] [info] wrote 30 bootstraps
[2020-08-11 19:06:10.001] [jointLog] [info] Finished Bootstrapping
