[2020-08-11 18:09:30.129] [jointLog] [info] Fragment incompatibility prior below threshold.  Incompatible fragments will be ignored.
[2020-08-11 18:09:30.129] [jointLog] [info] Usage of --validateMappings implies use of minScoreFraction. Since not explicitly specified, it is being set to 0.65
[2020-08-11 18:09:30.129] [jointLog] [info] Usage of --validateMappings implies a default consensus slack of 0.2. Setting consensusSlack to 0.35.
[2020-08-11 18:09:30.129] [jointLog] [info] parsing read library format
[2020-08-11 18:09:30.129] [jointLog] [info] There is 1 library.
[2020-08-11 18:09:30.178] [jointLog] [info] Loading pufferfish index
[2020-08-11 18:09:30.178] [jointLog] [info] Loading dense pufferfish index.
[2020-08-11 18:10:13.608] [jointLog] [info] done
[2020-08-11 18:10:13.608] [jointLog] [info] Index contained 227,257 targets
[2020-08-11 18:10:16.974] [jointLog] [info] Number of decoys : 194
[2020-08-11 18:10:16.974] [jointLog] [info] First decoy index : 227,042 
[2020-08-11 18:10:16.995] [jointLog] [warning] Fragment GC bias correction is currently *experimental* in single-end libraries.  Please use this option with caution.
[2020-08-11 18:10:17.309] [jointLog] [info] Automatically detected most likely library type as SR
[2020-08-11 18:12:37.815] [jointLog] [info] Thread saw mini-batch with a maximum of 1.36% zero probability fragments
[2020-08-11 18:12:37.822] [jointLog] [info] Thread saw mini-batch with a maximum of 1.28% zero probability fragments
[2020-08-11 18:12:37.834] [jointLog] [info] Thread saw mini-batch with a maximum of 1.44% zero probability fragments
[2020-08-11 18:12:37.900] [jointLog] [info] Thread saw mini-batch with a maximum of 1.38% zero probability fragments
[2020-08-11 18:12:37.902] [jointLog] [info] Thread saw mini-batch with a maximum of 1.34% zero probability fragments
[2020-08-11 18:12:37.920] [jointLog] [info] Thread saw mini-batch with a maximum of 1.34% zero probability fragments
[2020-08-11 18:12:37.990] [jointLog] [info] Thread saw mini-batch with a maximum of 1.26% zero probability fragments
[2020-08-11 18:12:38.002] [jointLog] [info] Thread saw mini-batch with a maximum of 1.26% zero probability fragments
[2020-08-11 18:12:38.014] [jointLog] [info] Thread saw mini-batch with a maximum of 1.26% zero probability fragments
[2020-08-11 18:12:38.017] [jointLog] [info] Thread saw mini-batch with a maximum of 1.28% zero probability fragments
[2020-08-11 18:12:38.026] [jointLog] [info] Thread saw mini-batch with a maximum of 1.36% zero probability fragments
[2020-08-11 18:12:38.039] [jointLog] [info] Thread saw mini-batch with a maximum of 1.26% zero probability fragments
[2020-08-11 18:12:38.190] [jointLog] [info] Computed 386,658 rich equivalence classes for further processing
[2020-08-11 18:12:38.190] [jointLog] [info] Counted 24,875,023 total reads in the equivalence classes 
[2020-08-11 18:12:38.196] [jointLog] [info] Number of mappings discarded because of alignment score : 37,903,347
[2020-08-11 18:12:38.196] [jointLog] [info] Number of fragments entirely discarded because of alignment score : 865,201
[2020-08-11 18:12:38.196] [jointLog] [info] Number of fragments discarded because they are best-mapped to decoys : 771,188
[2020-08-11 18:12:38.196] [jointLog] [info] Number of fragments discarded because they have only dovetail (discordant) mappings to valid targets : 0
[2020-08-11 18:12:38.196] [jointLog] [info] Mapping rate = 85.9406%

[2020-08-11 18:12:38.196] [jointLog] [info] finished quantifyLibrary()
[2020-08-11 18:12:38.196] [jointLog] [info] Starting optimizer
[2020-08-11 18:12:38.190] [fileLog] [info] 
At end of round 0
==================
Observed 28944434 total fragments (28944434 in most recent round)

[2020-08-11 18:12:38.794] [jointLog] [info] Marked 0 weighted equivalence classes as degenerate
[2020-08-11 18:12:38.803] [jointLog] [info] iteration = 0 | max rel diff. = 5501.73
[2020-08-11 18:12:38.896] [jointLog] [info] iteration 11, adjusting effective lengths to account for biases
[2020-08-11 18:12:59.174] [jointLog] [info] Computed expected counts (for bias correction)
[2020-08-11 18:12:59.174] [jointLog] [info] processed bias for 0.0% of the transcripts
[2020-08-11 18:13:01.415] [jointLog] [info] processed bias for 10.0% of the transcripts
[2020-08-11 18:13:03.666] [jointLog] [info] processed bias for 20.0% of the transcripts
[2020-08-11 18:13:05.883] [jointLog] [info] processed bias for 30.0% of the transcripts
[2020-08-11 18:13:08.038] [jointLog] [info] processed bias for 40.0% of the transcripts
[2020-08-11 18:13:10.249] [jointLog] [info] processed bias for 50.0% of the transcripts
[2020-08-11 18:13:12.566] [jointLog] [info] processed bias for 60.0% of the transcripts
[2020-08-11 18:13:14.733] [jointLog] [info] processed bias for 70.0% of the transcripts
[2020-08-11 18:13:16.941] [jointLog] [info] processed bias for 80.0% of the transcripts
[2020-08-11 18:13:19.131] [jointLog] [info] processed bias for 90.0% of the transcripts
[2020-08-11 18:13:21.554] [jointLog] [info] processed bias for 100.0% of the transcripts
[2020-08-11 18:13:21.555] [jointLog] [info] processed bias for 100.0% of the transcripts
[2020-08-11 18:13:22.481] [jointLog] [info] iteration = 100 | max rel diff. = 18.7634
[2020-08-11 18:13:23.490] [jointLog] [info] iteration = 200 | max rel diff. = 15.15
[2020-08-11 18:13:24.498] [jointLog] [info] iteration = 300 | max rel diff. = 20.1051
[2020-08-11 18:13:25.508] [jointLog] [info] iteration = 400 | max rel diff. = 2.67342
[2020-08-11 18:13:26.520] [jointLog] [info] iteration = 500 | max rel diff. = 0.795291
[2020-08-11 18:13:27.539] [jointLog] [info] iteration = 600 | max rel diff. = 3.57289
[2020-08-11 18:13:28.559] [jointLog] [info] iteration = 700 | max rel diff. = 3.47452
[2020-08-11 18:13:29.576] [jointLog] [info] iteration = 800 | max rel diff. = 2.36333
[2020-08-11 18:13:30.584] [jointLog] [info] iteration = 900 | max rel diff. = 2.9767
[2020-08-11 18:13:31.595] [jointLog] [info] iteration = 1,000 | max rel diff. = 0.236636
[2020-08-11 18:13:32.608] [jointLog] [info] iteration = 1,100 | max rel diff. = 0.297197
[2020-08-11 18:13:33.618] [jointLog] [info] iteration = 1,200 | max rel diff. = 0.0681131
[2020-08-11 18:13:34.627] [jointLog] [info] iteration = 1,300 | max rel diff. = 3.44528
[2020-08-11 18:13:35.637] [jointLog] [info] iteration = 1,400 | max rel diff. = 0.457331
[2020-08-11 18:13:36.649] [jointLog] [info] iteration = 1,500 | max rel diff. = 0.636938
[2020-08-11 18:13:37.663] [jointLog] [info] iteration = 1,600 | max rel diff. = 0.0903485
[2020-08-11 18:13:38.673] [jointLog] [info] iteration = 1,700 | max rel diff. = 0.137241
[2020-08-11 18:13:39.686] [jointLog] [info] iteration = 1,800 | max rel diff. = 1.286
[2020-08-11 18:13:40.697] [jointLog] [info] iteration = 1,900 | max rel diff. = 0.0627952
[2020-08-11 18:13:41.709] [jointLog] [info] iteration = 2,000 | max rel diff. = 0.0285324
[2020-08-11 18:13:42.726] [jointLog] [info] iteration = 2,100 | max rel diff. = 0.0362485
[2020-08-11 18:13:43.023] [jointLog] [info] iteration = 2,130 | max rel diff. = 0.00484697
[2020-08-11 18:13:43.027] [jointLog] [info] Finished optimizer
[2020-08-11 18:13:43.027] [jointLog] [info] writing output 

[2020-08-11 18:13:43.297] [jointLog] [info] Starting Bootstrapping
[2020-08-11 18:13:43.374] [jointLog] [info] Will draw 30 bootstrap samples
[2020-08-11 18:13:43.374] [jointLog] [info] Optimizing over 386,658 equivalence classes
[2020-08-11 18:13:43.393] [jointLog] [info] Marked 0 weighted equivalence classes as degenerate
[2020-08-11 18:16:36.731] [jointLog] [info] wrote 1 bootstraps
[2020-08-11 18:16:39.381] [jointLog] [info] wrote 2 bootstraps
[2020-08-11 18:16:40.892] [jointLog] [info] wrote 3 bootstraps
[2020-08-11 18:16:42.841] [jointLog] [info] wrote 4 bootstraps
[2020-08-11 18:16:55.012] [jointLog] [info] wrote 5 bootstraps
[2020-08-11 18:16:55.377] [jointLog] [info] wrote 6 bootstraps
[2020-08-11 18:16:55.961] [jointLog] [info] wrote 7 bootstraps
[2020-08-11 18:16:58.894] [jointLog] [info] wrote 8 bootstraps
[2020-08-11 18:17:03.556] [jointLog] [info] wrote 9 bootstraps
[2020-08-11 18:17:04.003] [jointLog] [info] wrote 10 bootstraps
[2020-08-11 18:17:31.238] [jointLog] [info] wrote 11 bootstraps
[2020-08-11 18:19:18.894] [jointLog] [info] wrote 12 bootstraps
[2020-08-11 18:19:40.835] [jointLog] [info] wrote 13 bootstraps
[2020-08-11 18:19:45.731] [jointLog] [info] wrote 14 bootstraps
[2020-08-11 18:19:46.745] [jointLog] [info] wrote 15 bootstraps
[2020-08-11 18:19:47.854] [jointLog] [info] wrote 16 bootstraps
[2020-08-11 18:20:02.317] [jointLog] [info] wrote 17 bootstraps
[2020-08-11 18:20:03.115] [jointLog] [info] wrote 18 bootstraps
[2020-08-11 18:20:04.919] [jointLog] [info] wrote 19 bootstraps
[2020-08-11 18:20:14.788] [jointLog] [info] wrote 20 bootstraps
[2020-08-11 18:20:15.421] [jointLog] [info] wrote 21 bootstraps
[2020-08-11 18:20:36.069] [jointLog] [info] wrote 22 bootstraps
[2020-08-11 18:21:38.013] [jointLog] [info] wrote 23 bootstraps
[2020-08-11 18:21:46.625] [jointLog] [info] wrote 24 bootstraps
[2020-08-11 18:21:50.236] [jointLog] [info] wrote 25 bootstraps
[2020-08-11 18:21:54.485] [jointLog] [info] wrote 26 bootstraps
[2020-08-11 18:22:04.057] [jointLog] [info] wrote 27 bootstraps
[2020-08-11 18:22:08.520] [jointLog] [info] wrote 28 bootstraps
[2020-08-11 18:22:20.638] [jointLog] [info] wrote 29 bootstraps
[2020-08-11 18:22:30.320] [jointLog] [info] wrote 30 bootstraps
[2020-08-11 18:22:30.335] [jointLog] [info] Finished Bootstrapping
