[2020-03-12 11:10:03.447] [jointLog] [info] Fragment incompatibility prior below threshold.  Incompatible fragments will be ignored.
[2020-03-12 11:10:03.447] [jointLog] [info] Usage of --validateMappings implies use of minScoreFraction. Since not explicitly specified, it is being set to 0.65
[2020-03-12 11:10:03.447] [jointLog] [info] Usage of --validateMappings implies a default consensus slack of 0.2. Setting consensusSlack to 0.35.
[2020-03-12 11:10:03.447] [jointLog] [info] parsing read library format
[2020-03-12 11:10:03.447] [jointLog] [info] There is 1 library.
[2020-03-12 11:10:03.490] [jointLog] [info] Loading pufferfish index
[2020-03-12 11:10:03.490] [jointLog] [info] Loading dense pufferfish index.
[2020-03-12 11:10:41.871] [jointLog] [info] done
[2020-03-12 11:10:41.871] [jointLog] [info] Index contained 227,257 targets
[2020-03-12 11:10:44.856] [jointLog] [info] Number of decoys : 194
[2020-03-12 11:10:44.856] [jointLog] [info] First decoy index : 227,042 
[2020-03-12 11:10:44.875] [jointLog] [warning] Fragment GC bias correction is currently *experimental* in single-end libraries.  Please use this option with caution.
[2020-03-12 11:10:45.679] [jointLog] [info] Automatically detected most likely library type as U
[2020-03-12 11:16:58.761] [jointLog] [info] Computed 389,909 rich equivalence classes for further processing
[2020-03-12 11:16:58.761] [jointLog] [info] Counted 17,409,290 total reads in the equivalence classes 
[2020-03-12 11:16:58.766] [jointLog] [info] Number of mappings discarded because of alignment score : 405,865,203
[2020-03-12 11:16:58.766] [jointLog] [info] Number of fragments entirely discarded because of alignment score : 5,090,695
[2020-03-12 11:16:58.766] [jointLog] [info] Number of fragments discarded because they are best-mapped to decoys : 1,571,343
[2020-03-12 11:16:58.766] [jointLog] [info] Number of fragments discarded because they have only dovetail (discordant) mappings to valid targets : 0
[2020-03-12 11:16:58.766] [jointLog] [info] Mapping rate = 64.4384%

[2020-03-12 11:16:58.766] [jointLog] [info] finished quantifyLibrary()
[2020-03-12 11:16:58.766] [jointLog] [info] Starting optimizer
[2020-03-12 11:16:58.842] [jointLog] [info] Marked 0 weighted equivalence classes as degenerate
[2020-03-12 11:16:58.852] [jointLog] [info] iteration = 0 | max rel diff. = 4990.1
[2020-03-12 11:16:58.944] [jointLog] [info] iteration 11, adjusting effective lengths to account for biases
[2020-03-12 11:16:58.761] [fileLog] [info] 
At end of round 0
==================
Observed 27016946 total fragments (27016946 in most recent round)

[2020-03-12 11:17:15.257] [jointLog] [info] Computed expected counts (for bias correction)
[2020-03-12 11:17:15.257] [jointLog] [info] processed bias for 0.0% of the transcripts
[2020-03-12 11:17:17.131] [jointLog] [info] processed bias for 10.0% of the transcripts
[2020-03-12 11:17:19.029] [jointLog] [info] processed bias for 20.0% of the transcripts
[2020-03-12 11:17:20.994] [jointLog] [info] processed bias for 30.0% of the transcripts
[2020-03-12 11:17:22.710] [jointLog] [info] processed bias for 40.0% of the transcripts
[2020-03-12 11:17:24.479] [jointLog] [info] processed bias for 50.0% of the transcripts
[2020-03-12 11:17:26.217] [jointLog] [info] processed bias for 60.0% of the transcripts
[2020-03-12 11:17:28.058] [jointLog] [info] processed bias for 70.0% of the transcripts
[2020-03-12 11:17:29.672] [jointLog] [info] processed bias for 80.0% of the transcripts
[2020-03-12 11:17:31.501] [jointLog] [info] processed bias for 90.0% of the transcripts
[2020-03-12 11:17:33.483] [jointLog] [info] processed bias for 100.0% of the transcripts
[2020-03-12 11:17:33.484] [jointLog] [info] processed bias for 100.0% of the transcripts
[2020-03-12 11:17:34.454] [jointLog] [info] iteration = 100 | max rel diff. = 16.2737
[2020-03-12 11:17:35.521] [jointLog] [info] iteration = 200 | max rel diff. = 14.2438
[2020-03-12 11:17:36.583] [jointLog] [info] iteration = 300 | max rel diff. = 8.08503
[2020-03-12 11:17:37.645] [jointLog] [info] iteration = 400 | max rel diff. = 0.733601
[2020-03-12 11:17:38.706] [jointLog] [info] iteration = 500 | max rel diff. = 0.227843
[2020-03-12 11:17:39.767] [jointLog] [info] iteration = 600 | max rel diff. = 2.82821
[2020-03-12 11:17:40.826] [jointLog] [info] iteration = 700 | max rel diff. = 0.330694
[2020-03-12 11:17:41.889] [jointLog] [info] iteration = 800 | max rel diff. = 0.236804
[2020-03-12 11:17:42.958] [jointLog] [info] iteration = 900 | max rel diff. = 0.091667
[2020-03-12 11:17:44.048] [jointLog] [info] iteration = 1,000 | max rel diff. = 0.0309422
[2020-03-12 11:17:45.109] [jointLog] [info] iteration = 1,100 | max rel diff. = 0.1203
[2020-03-12 11:17:46.165] [jointLog] [info] iteration = 1,200 | max rel diff. = 0.0484483
[2020-03-12 11:17:47.225] [jointLog] [info] iteration = 1,300 | max rel diff. = 0.0660474
[2020-03-12 11:17:48.285] [jointLog] [info] iteration = 1,400 | max rel diff. = 0.0189032
[2020-03-12 11:17:49.346] [jointLog] [info] iteration = 1,500 | max rel diff. = 0.0882473
[2020-03-12 11:17:50.402] [jointLog] [info] iteration = 1,600 | max rel diff. = 0.38788
[2020-03-12 11:17:51.464] [jointLog] [info] iteration = 1,700 | max rel diff. = 0.0268503
[2020-03-12 11:17:52.527] [jointLog] [info] iteration = 1,800 | max rel diff. = 0.0158573
[2020-03-12 11:17:53.206] [jointLog] [info] iteration = 1,865 | max rel diff. = 0.00791724
[2020-03-12 11:17:53.210] [jointLog] [info] Finished optimizer
[2020-03-12 11:17:53.210] [jointLog] [info] writing output 

[2020-03-12 11:17:53.440] [jointLog] [info] Starting Bootstrapping
[2020-03-12 11:17:53.527] [jointLog] [info] Will draw 30 bootstrap samples
[2020-03-12 11:17:53.527] [jointLog] [info] Optimizing over 389,909 equivalence classes
[2020-03-12 11:17:53.547] [jointLog] [info] Marked 0 weighted equivalence classes as degenerate
[2020-03-12 11:19:56.870] [jointLog] [info] wrote 1 bootstraps
[2020-03-12 11:19:57.289] [jointLog] [info] wrote 2 bootstraps
[2020-03-12 11:20:01.415] [jointLog] [info] wrote 3 bootstraps
[2020-03-12 11:20:07.796] [jointLog] [info] wrote 4 bootstraps
[2020-03-12 11:20:09.884] [jointLog] [info] wrote 5 bootstraps
[2020-03-12 11:20:11.561] [jointLog] [info] wrote 6 bootstraps
[2020-03-12 11:20:22.885] [jointLog] [info] wrote 7 bootstraps
[2020-03-12 11:20:34.078] [jointLog] [info] wrote 8 bootstraps
[2020-03-12 11:20:49.809] [jointLog] [info] wrote 9 bootstraps
[2020-03-12 11:21:05.339] [jointLog] [info] wrote 10 bootstraps
[2020-03-12 11:21:08.732] [jointLog] [info] wrote 11 bootstraps
[2020-03-12 11:22:04.869] [jointLog] [info] wrote 12 bootstraps
[2020-03-12 11:22:12.197] [jointLog] [info] wrote 13 bootstraps
[2020-03-12 11:22:16.352] [jointLog] [info] wrote 14 bootstraps
[2020-03-12 11:22:20.224] [jointLog] [info] wrote 15 bootstraps
[2020-03-12 11:22:27.213] [jointLog] [info] wrote 16 bootstraps
[2020-03-12 11:22:47.191] [jointLog] [info] wrote 17 bootstraps
[2020-03-12 11:22:55.396] [jointLog] [info] wrote 18 bootstraps
[2020-03-12 11:23:01.877] [jointLog] [info] wrote 19 bootstraps
[2020-03-12 11:23:03.000] [jointLog] [info] wrote 20 bootstraps
[2020-03-12 11:23:06.922] [jointLog] [info] wrote 21 bootstraps
[2020-03-12 11:23:40.661] [jointLog] [info] wrote 22 bootstraps
[2020-03-12 11:23:48.151] [jointLog] [info] wrote 23 bootstraps
[2020-03-12 11:23:53.653] [jointLog] [info] wrote 24 bootstraps
[2020-03-12 11:23:58.772] [jointLog] [info] wrote 25 bootstraps
[2020-03-12 11:23:59.554] [jointLog] [info] wrote 26 bootstraps
[2020-03-12 11:24:04.646] [jointLog] [info] wrote 27 bootstraps
[2020-03-12 11:24:12.106] [jointLog] [info] wrote 28 bootstraps
[2020-03-12 11:24:16.625] [jointLog] [info] wrote 29 bootstraps
[2020-03-12 11:24:17.807] [jointLog] [info] wrote 30 bootstraps
[2020-03-12 11:24:17.822] [jointLog] [info] Finished Bootstrapping
[2020-03-12 11:24:17.822] [jointLog] [warning] NOTE: Read Lib [[ /dev/fd/63 ]] :

Detected a *potential* strand bias > 1% in an unstranded protocol check the file: /home/mks/mks/data_and_results/step9_salmon_quant/quants/as9549_good/lib_format_counts.json for details

