[2020-07-13 22:24:00.625] [jointLog] [info] Fragment incompatibility prior below threshold.  Incompatible fragments will be ignored.
[2020-07-13 22:24:00.625] [jointLog] [info] Usage of --validateMappings implies use of minScoreFraction. Since not explicitly specified, it is being set to 0.65
[2020-07-13 22:24:00.625] [jointLog] [info] Usage of --validateMappings implies a default consensus slack of 0.2. Setting consensusSlack to 0.35.
[2020-07-13 22:24:00.625] [jointLog] [info] parsing read library format
[2020-07-13 22:24:00.625] [jointLog] [info] There is 1 library.
[2020-07-13 22:24:00.690] [jointLog] [info] Loading pufferfish index
[2020-07-13 22:24:00.690] [jointLog] [info] Loading dense pufferfish index.
[2020-07-13 22:26:45.036] [jointLog] [info] done
[2020-07-13 22:26:45.051] [jointLog] [info] Index contained 227,257 targets
[2020-07-13 22:26:48.263] [jointLog] [info] Number of decoys : 194
[2020-07-13 22:26:48.263] [jointLog] [info] First decoy index : 227,042 
[2020-07-13 22:26:48.283] [jointLog] [warning] Fragment GC bias correction is currently *experimental* in single-end libraries.  Please use this option with caution.
[2020-07-13 22:26:48.551] [jointLog] [info] Automatically detected most likely library type as SR
[2020-07-13 22:28:14.808] [jointLog] [info] Thread saw mini-batch with a maximum of 1.22% zero probability fragments
[2020-07-13 22:28:14.819] [jointLog] [info] Thread saw mini-batch with a maximum of 1.42% zero probability fragments
[2020-07-13 22:28:14.854] [jointLog] [info] Thread saw mini-batch with a maximum of 1.44% zero probability fragments
[2020-07-13 22:28:14.858] [jointLog] [info] Thread saw mini-batch with a maximum of 1.36% zero probability fragments
[2020-07-13 22:28:14.877] [jointLog] [info] Thread saw mini-batch with a maximum of 1.30% zero probability fragments
[2020-07-13 22:28:14.885] [jointLog] [info] Thread saw mini-batch with a maximum of 1.42% zero probability fragments
[2020-07-13 22:28:14.934] [jointLog] [info] Thread saw mini-batch with a maximum of 1.30% zero probability fragments
[2020-07-13 22:28:14.995] [jointLog] [info] Thread saw mini-batch with a maximum of 1.36% zero probability fragments
[2020-07-13 22:28:15.031] [jointLog] [info] Thread saw mini-batch with a maximum of 1.28% zero probability fragments
[2020-07-13 22:28:15.034] [jointLog] [info] Thread saw mini-batch with a maximum of 1.28% zero probability fragments
[2020-07-13 22:28:15.034] [jointLog] [info] Thread saw mini-batch with a maximum of 1.34% zero probability fragments
[2020-07-13 22:28:15.049] [jointLog] [info] Thread saw mini-batch with a maximum of 1.30% zero probability fragments
[2020-07-13 22:28:15.184] [jointLog] [info] Computed 329,314 rich equivalence classes for further processing
[2020-07-13 22:28:15.184] [jointLog] [info] Counted 15,511,053 total reads in the equivalence classes 
[2020-07-13 22:28:15.190] [jointLog] [info] Number of mappings discarded because of alignment score : 22,397,796
[2020-07-13 22:28:15.190] [jointLog] [info] Number of fragments entirely discarded because of alignment score : 526,794
[2020-07-13 22:28:15.190] [jointLog] [info] Number of fragments discarded because they are best-mapped to decoys : 473,665
[2020-07-13 22:28:15.190] [jointLog] [info] Number of fragments discarded because they have only dovetail (discordant) mappings to valid targets : 0
[2020-07-13 22:28:15.190] [jointLog] [info] Mapping rate = 86.1183%

[2020-07-13 22:28:15.190] [jointLog] [info] finished quantifyLibrary()
[2020-07-13 22:28:15.190] [jointLog] [info] Starting optimizer
[2020-07-13 22:28:15.252] [jointLog] [info] Marked 0 weighted equivalence classes as degenerate
[2020-07-13 22:28:15.260] [jointLog] [info] iteration = 0 | max rel diff. = 4704.15
[2020-07-13 22:28:15.341] [jointLog] [info] iteration 11, adjusting effective lengths to account for biases
[2020-07-13 22:28:15.185] [fileLog] [info] 
At end of round 0
==================
Observed 18011322 total fragments (18011322 in most recent round)

[2020-07-13 22:28:33.785] [jointLog] [info] Computed expected counts (for bias correction)
[2020-07-13 22:28:33.785] [jointLog] [info] processed bias for 0.0% of the transcripts
[2020-07-13 22:28:35.833] [jointLog] [info] processed bias for 10.0% of the transcripts
[2020-07-13 22:28:37.923] [jointLog] [info] processed bias for 20.0% of the transcripts
[2020-07-13 22:28:39.986] [jointLog] [info] processed bias for 30.0% of the transcripts
[2020-07-13 22:28:42.010] [jointLog] [info] processed bias for 40.0% of the transcripts
[2020-07-13 22:28:44.119] [jointLog] [info] processed bias for 50.0% of the transcripts
[2020-07-13 22:28:46.291] [jointLog] [info] processed bias for 60.0% of the transcripts
[2020-07-13 22:28:48.265] [jointLog] [info] processed bias for 70.0% of the transcripts
[2020-07-13 22:28:50.393] [jointLog] [info] processed bias for 80.0% of the transcripts
[2020-07-13 22:28:52.665] [jointLog] [info] processed bias for 90.0% of the transcripts
[2020-07-13 22:28:54.844] [jointLog] [info] processed bias for 100.0% of the transcripts
[2020-07-13 22:28:54.844] [jointLog] [info] processed bias for 100.0% of the transcripts
[2020-07-13 22:28:55.673] [jointLog] [info] iteration = 100 | max rel diff. = 19.2542
[2020-07-13 22:28:56.579] [jointLog] [info] iteration = 200 | max rel diff. = 12.2246
[2020-07-13 22:28:57.483] [jointLog] [info] iteration = 300 | max rel diff. = 2.03176
[2020-07-13 22:28:58.391] [jointLog] [info] iteration = 400 | max rel diff. = 16.2319
[2020-07-13 22:28:59.330] [jointLog] [info] iteration = 500 | max rel diff. = 1.01611
[2020-07-13 22:29:00.249] [jointLog] [info] iteration = 600 | max rel diff. = 13.3245
[2020-07-13 22:29:01.180] [jointLog] [info] iteration = 700 | max rel diff. = 0.692465
[2020-07-13 22:29:02.091] [jointLog] [info] iteration = 800 | max rel diff. = 1.04308
[2020-07-13 22:29:02.996] [jointLog] [info] iteration = 900 | max rel diff. = 0.40969
[2020-07-13 22:29:03.903] [jointLog] [info] iteration = 1,000 | max rel diff. = 0.355684
[2020-07-13 22:29:04.814] [jointLog] [info] iteration = 1,100 | max rel diff. = 0.0348808
[2020-07-13 22:29:05.720] [jointLog] [info] iteration = 1,200 | max rel diff. = 7.80294
[2020-07-13 22:29:06.657] [jointLog] [info] iteration = 1,300 | max rel diff. = 0.207778
[2020-07-13 22:29:07.563] [jointLog] [info] iteration = 1,400 | max rel diff. = 0.03089
[2020-07-13 22:29:08.468] [jointLog] [info] iteration = 1,500 | max rel diff. = 0.0856538
[2020-07-13 22:29:09.375] [jointLog] [info] iteration = 1,600 | max rel diff. = 0.069054
[2020-07-13 22:29:10.281] [jointLog] [info] iteration = 1,700 | max rel diff. = 0.0353164
[2020-07-13 22:29:11.187] [jointLog] [info] iteration = 1,800 | max rel diff. = 0.0762398
[2020-07-13 22:29:12.093] [jointLog] [info] iteration = 1,900 | max rel diff. = 0.0988784
[2020-07-13 22:29:13.000] [jointLog] [info] iteration = 2,000 | max rel diff. = 0.0283314
[2020-07-13 22:29:13.906] [jointLog] [info] iteration = 2,100 | max rel diff. = 0.0437273
[2020-07-13 22:29:14.813] [jointLog] [info] iteration = 2,200 | max rel diff. = 0.0548272
[2020-07-13 22:29:15.275] [jointLog] [info] iteration = 2,252 | max rel diff. = 0.00452699
[2020-07-13 22:29:15.280] [jointLog] [info] Finished optimizer
[2020-07-13 22:29:15.280] [jointLog] [info] writing output 

[2020-07-13 22:29:15.565] [jointLog] [info] Starting Bootstrapping
[2020-07-13 22:29:15.630] [jointLog] [info] Will draw 30 bootstrap samples
[2020-07-13 22:29:15.630] [jointLog] [info] Optimizing over 329,314 equivalence classes
[2020-07-13 22:29:15.646] [jointLog] [info] Marked 0 weighted equivalence classes as degenerate
[2020-07-13 22:31:09.021] [jointLog] [info] wrote 1 bootstraps
[2020-07-13 22:31:12.832] [jointLog] [info] wrote 2 bootstraps
[2020-07-13 22:31:38.150] [jointLog] [info] wrote 3 bootstraps
[2020-07-13 22:31:38.567] [jointLog] [info] wrote 4 bootstraps
[2020-07-13 22:31:38.872] [jointLog] [info] wrote 5 bootstraps
[2020-07-13 22:31:43.132] [jointLog] [info] wrote 6 bootstraps
[2020-07-13 22:31:47.860] [jointLog] [info] wrote 7 bootstraps
[2020-07-13 22:31:54.852] [jointLog] [info] wrote 8 bootstraps
[2020-07-13 22:31:58.466] [jointLog] [info] wrote 9 bootstraps
[2020-07-13 22:32:06.945] [jointLog] [info] wrote 10 bootstraps
[2020-07-13 22:32:24.784] [jointLog] [info] wrote 11 bootstraps
[2020-07-13 22:33:28.965] [jointLog] [info] wrote 12 bootstraps
[2020-07-13 22:33:36.236] [jointLog] [info] wrote 13 bootstraps
[2020-07-13 22:33:47.892] [jointLog] [info] wrote 14 bootstraps
[2020-07-13 22:34:01.101] [jointLog] [info] wrote 15 bootstraps
[2020-07-13 22:34:15.530] [jointLog] [info] wrote 16 bootstraps
[2020-07-13 22:34:15.717] [jointLog] [info] wrote 17 bootstraps
[2020-07-13 22:34:20.444] [jointLog] [info] wrote 18 bootstraps
[2020-07-13 22:34:21.976] [jointLog] [info] wrote 19 bootstraps
[2020-07-13 22:34:32.355] [jointLog] [info] wrote 20 bootstraps
[2020-07-13 22:34:44.897] [jointLog] [info] wrote 21 bootstraps
[2020-07-13 22:35:08.796] [jointLog] [info] wrote 22 bootstraps
[2020-07-13 22:35:18.365] [jointLog] [info] wrote 23 bootstraps
[2020-07-13 22:35:32.724] [jointLog] [info] wrote 24 bootstraps
[2020-07-13 22:35:39.477] [jointLog] [info] wrote 25 bootstraps
[2020-07-13 22:35:42.263] [jointLog] [info] wrote 26 bootstraps
[2020-07-13 22:35:55.622] [jointLog] [info] wrote 27 bootstraps
[2020-07-13 22:35:56.146] [jointLog] [info] wrote 28 bootstraps
[2020-07-13 22:35:58.929] [jointLog] [info] wrote 29 bootstraps
[2020-07-13 22:36:15.423] [jointLog] [info] wrote 30 bootstraps
[2020-07-13 22:36:15.436] [jointLog] [info] Finished Bootstrapping
