[2020-08-11 19:06:11.846] [jointLog] [info] Fragment incompatibility prior below threshold.  Incompatible fragments will be ignored.
[2020-08-11 19:06:11.846] [jointLog] [info] Usage of --validateMappings implies use of minScoreFraction. Since not explicitly specified, it is being set to 0.65
[2020-08-11 19:06:11.846] [jointLog] [info] Usage of --validateMappings implies a default consensus slack of 0.2. Setting consensusSlack to 0.35.
[2020-08-11 19:06:11.846] [jointLog] [info] parsing read library format
[2020-08-11 19:06:11.846] [jointLog] [info] There is 1 library.
[2020-08-11 19:06:11.891] [jointLog] [info] Loading pufferfish index
[2020-08-11 19:06:11.891] [jointLog] [info] Loading dense pufferfish index.
[2020-08-11 19:06:51.697] [jointLog] [info] done
[2020-08-11 19:06:51.697] [jointLog] [info] Index contained 227,257 targets
[2020-08-11 19:06:54.804] [jointLog] [info] Number of decoys : 194
[2020-08-11 19:06:54.804] [jointLog] [info] First decoy index : 227,042 
[2020-08-11 19:06:54.824] [jointLog] [warning] Fragment GC bias correction is currently *experimental* in single-end libraries.  Please use this option with caution.
[2020-08-11 19:06:55.052] [jointLog] [info] Automatically detected most likely library type as SR
[2020-08-11 19:08:18.224] [jointLog] [info] Thread saw mini-batch with a maximum of 1.50% zero probability fragments
[2020-08-11 19:08:18.249] [jointLog] [info] Thread saw mini-batch with a maximum of 1.46% zero probability fragments
[2020-08-11 19:08:18.250] [jointLog] [info] Thread saw mini-batch with a maximum of 1.50% zero probability fragments
[2020-08-11 19:08:18.259] [jointLog] [info] Thread saw mini-batch with a maximum of 1.50% zero probability fragments
[2020-08-11 19:08:18.308] [jointLog] [info] Thread saw mini-batch with a maximum of 1.46% zero probability fragments
[2020-08-11 19:08:18.312] [jointLog] [info] Thread saw mini-batch with a maximum of 1.54% zero probability fragments
[2020-08-11 19:08:18.317] [jointLog] [info] Thread saw mini-batch with a maximum of 1.54% zero probability fragments
[2020-08-11 19:08:18.319] [jointLog] [info] Thread saw mini-batch with a maximum of 1.56% zero probability fragments
[2020-08-11 19:08:18.329] [jointLog] [info] Thread saw mini-batch with a maximum of 1.56% zero probability fragments
[2020-08-11 19:08:18.330] [jointLog] [info] Thread saw mini-batch with a maximum of 1.64% zero probability fragments
[2020-08-11 19:08:18.352] [jointLog] [info] Thread saw mini-batch with a maximum of 1.48% zero probability fragments
[2020-08-11 19:08:18.366] [jointLog] [info] Thread saw mini-batch with a maximum of 1.56% zero probability fragments
[2020-08-11 19:08:18.507] [jointLog] [info] Computed 315,139 rich equivalence classes for further processing
[2020-08-11 19:08:18.507] [jointLog] [info] Counted 19,912,605 total reads in the equivalence classes 
[2020-08-11 19:08:18.513] [jointLog] [warning] 0.00268513% of fragments were shorter than the k used to build the index.
If this fraction is too large, consider re-building the index with a smaller k.
The minimum read size found was 10.


[2020-08-11 19:08:18.513] [jointLog] [info] Number of mappings discarded because of alignment score : 23,820,143
[2020-08-11 19:08:18.513] [jointLog] [info] Number of fragments entirely discarded because of alignment score : 433,314
[2020-08-11 19:08:18.513] [jointLog] [info] Number of fragments discarded because they are best-mapped to decoys : 381,993
[2020-08-11 19:08:18.513] [jointLog] [info] Number of fragments discarded because they have only dovetail (discordant) mappings to valid targets : 0
[2020-08-11 19:08:18.513] [jointLog] [info] Mapping rate = 90.7774%

[2020-08-11 19:08:18.513] [jointLog] [info] finished quantifyLibrary()
[2020-08-11 19:08:18.513] [jointLog] [info] Starting optimizer
[2020-08-11 19:08:18.507] [fileLog] [info] 
At end of round 0
==================
Observed 21935644 total fragments (21935644 in most recent round)

[2020-08-11 19:08:18.579] [jointLog] [info] Marked 0 weighted equivalence classes as degenerate
[2020-08-11 19:08:18.587] [jointLog] [info] iteration = 0 | max rel diff. = 5272.56
[2020-08-11 19:08:18.665] [jointLog] [info] iteration 11, adjusting effective lengths to account for biases
[2020-08-11 19:08:36.940] [jointLog] [info] Computed expected counts (for bias correction)
[2020-08-11 19:08:36.940] [jointLog] [info] processed bias for 0.0% of the transcripts
[2020-08-11 19:08:38.991] [jointLog] [info] processed bias for 10.0% of the transcripts
[2020-08-11 19:08:41.059] [jointLog] [info] processed bias for 20.0% of the transcripts
[2020-08-11 19:08:43.254] [jointLog] [info] processed bias for 30.0% of the transcripts
[2020-08-11 19:08:45.177] [jointLog] [info] processed bias for 40.0% of the transcripts
[2020-08-11 19:08:47.217] [jointLog] [info] processed bias for 50.0% of the transcripts
[2020-08-11 19:08:49.195] [jointLog] [info] processed bias for 60.0% of the transcripts
[2020-08-11 19:08:51.132] [jointLog] [info] processed bias for 70.0% of the transcripts
[2020-08-11 19:08:53.266] [jointLog] [info] processed bias for 80.0% of the transcripts
[2020-08-11 19:08:55.352] [jointLog] [info] processed bias for 90.0% of the transcripts
[2020-08-11 19:08:57.287] [jointLog] [info] processed bias for 100.0% of the transcripts
[2020-08-11 19:08:57.288] [jointLog] [info] processed bias for 100.0% of the transcripts
[2020-08-11 19:08:58.107] [jointLog] [info] iteration = 100 | max rel diff. = 19.4064
[2020-08-11 19:08:58.998] [jointLog] [info] iteration = 200 | max rel diff. = 16.4233
[2020-08-11 19:08:59.890] [jointLog] [info] iteration = 300 | max rel diff. = 15.334
[2020-08-11 19:09:00.784] [jointLog] [info] iteration = 400 | max rel diff. = 2.14814
[2020-08-11 19:09:01.677] [jointLog] [info] iteration = 500 | max rel diff. = 6.33597
[2020-08-11 19:09:02.569] [jointLog] [info] iteration = 600 | max rel diff. = 1.82755
[2020-08-11 19:09:03.460] [jointLog] [info] iteration = 700 | max rel diff. = 0.212496
[2020-08-11 19:09:04.354] [jointLog] [info] iteration = 800 | max rel diff. = 0.416242
[2020-08-11 19:09:05.246] [jointLog] [info] iteration = 900 | max rel diff. = 0.160181
[2020-08-11 19:09:06.141] [jointLog] [info] iteration = 1,000 | max rel diff. = 13.0539
[2020-08-11 19:09:07.032] [jointLog] [info] iteration = 1,100 | max rel diff. = 0.420473
[2020-08-11 19:09:07.929] [jointLog] [info] iteration = 1,200 | max rel diff. = 0.184292
[2020-08-11 19:09:08.822] [jointLog] [info] iteration = 1,300 | max rel diff. = 0.184292
[2020-08-11 19:09:09.713] [jointLog] [info] iteration = 1,400 | max rel diff. = 0.075972
[2020-08-11 19:09:10.603] [jointLog] [info] iteration = 1,500 | max rel diff. = 1.38521
[2020-08-11 19:09:11.498] [jointLog] [info] iteration = 1,600 | max rel diff. = 0.0421795
[2020-08-11 19:09:12.390] [jointLog] [info] iteration = 1,700 | max rel diff. = 0.579318
[2020-08-11 19:09:13.281] [jointLog] [info] iteration = 1,800 | max rel diff. = 0.0581212
[2020-08-11 19:09:14.172] [jointLog] [info] iteration = 1,900 | max rel diff. = 0.256875
[2020-08-11 19:09:15.064] [jointLog] [info] iteration = 2,000 | max rel diff. = 0.172982
[2020-08-11 19:09:15.955] [jointLog] [info] iteration = 2,100 | max rel diff. = 0.135598
[2020-08-11 19:09:16.846] [jointLog] [info] iteration = 2,200 | max rel diff. = 0.0214742
[2020-08-11 19:09:17.249] [jointLog] [info] iteration = 2,246 | max rel diff. = 0.00493586
[2020-08-11 19:09:17.253] [jointLog] [info] Finished optimizer
[2020-08-11 19:09:17.253] [jointLog] [info] writing output 

[2020-08-11 19:09:17.491] [jointLog] [info] Starting Bootstrapping
[2020-08-11 19:09:17.556] [jointLog] [info] Will draw 30 bootstrap samples
[2020-08-11 19:09:17.556] [jointLog] [info] Optimizing over 315,139 equivalence classes
[2020-08-11 19:09:17.573] [jointLog] [info] Marked 0 weighted equivalence classes as degenerate
[2020-08-11 19:11:25.223] [jointLog] [info] wrote 1 bootstraps
[2020-08-11 19:11:39.284] [jointLog] [info] wrote 2 bootstraps
[2020-08-11 19:11:42.245] [jointLog] [info] wrote 3 bootstraps
[2020-08-11 19:11:47.888] [jointLog] [info] wrote 4 bootstraps
[2020-08-11 19:11:53.878] [jointLog] [info] wrote 5 bootstraps
[2020-08-11 19:11:54.039] [jointLog] [info] wrote 6 bootstraps
[2020-08-11 19:11:59.173] [jointLog] [info] wrote 7 bootstraps
[2020-08-11 19:12:07.343] [jointLog] [info] wrote 8 bootstraps
[2020-08-11 19:12:17.064] [jointLog] [info] wrote 9 bootstraps
[2020-08-11 19:12:20.017] [jointLog] [info] wrote 10 bootstraps
[2020-08-11 19:12:43.004] [jointLog] [info] wrote 11 bootstraps
[2020-08-11 19:13:34.229] [jointLog] [info] wrote 12 bootstraps
[2020-08-11 19:13:56.974] [jointLog] [info] wrote 13 bootstraps
[2020-08-11 19:14:13.515] [jointLog] [info] wrote 14 bootstraps
[2020-08-11 19:14:16.927] [jointLog] [info] wrote 15 bootstraps
[2020-08-11 19:14:37.102] [jointLog] [info] wrote 16 bootstraps
[2020-08-11 19:14:40.363] [jointLog] [info] wrote 17 bootstraps
[2020-08-11 19:14:41.473] [jointLog] [info] wrote 18 bootstraps
[2020-08-11 19:14:48.789] [jointLog] [info] wrote 19 bootstraps
[2020-08-11 19:15:10.619] [jointLog] [info] wrote 20 bootstraps
[2020-08-11 19:15:11.126] [jointLog] [info] wrote 21 bootstraps
[2020-08-11 19:15:16.815] [jointLog] [info] wrote 22 bootstraps
[2020-08-11 19:16:06.080] [jointLog] [info] wrote 23 bootstraps
[2020-08-11 19:16:15.231] [jointLog] [info] wrote 24 bootstraps
[2020-08-11 19:16:20.604] [jointLog] [info] wrote 25 bootstraps
[2020-08-11 19:16:20.854] [jointLog] [info] wrote 26 bootstraps
[2020-08-11 19:16:23.376] [jointLog] [info] wrote 27 bootstraps
[2020-08-11 19:16:24.049] [jointLog] [info] wrote 28 bootstraps
[2020-08-11 19:16:28.453] [jointLog] [info] wrote 29 bootstraps
[2020-08-11 19:16:33.861] [jointLog] [info] wrote 30 bootstraps
[2020-08-11 19:16:33.873] [jointLog] [info] Finished Bootstrapping
