[2020-03-12 15:10:01.437] [jointLog] [info] Fragment incompatibility prior below threshold.  Incompatible fragments will be ignored.
[2020-03-12 15:10:01.437] [jointLog] [info] Usage of --validateMappings implies use of minScoreFraction. Since not explicitly specified, it is being set to 0.65
[2020-03-12 15:10:01.437] [jointLog] [info] Usage of --validateMappings implies a default consensus slack of 0.2. Setting consensusSlack to 0.35.
[2020-03-12 15:10:01.437] [jointLog] [info] parsing read library format
[2020-03-12 15:10:01.437] [jointLog] [info] There is 1 library.
[2020-03-12 15:10:01.480] [jointLog] [info] Loading pufferfish index
[2020-03-12 15:10:01.480] [jointLog] [info] Loading dense pufferfish index.
[2020-03-12 15:10:39.486] [jointLog] [info] done
[2020-03-12 15:10:39.486] [jointLog] [info] Index contained 227,257 targets
[2020-03-12 15:10:42.540] [jointLog] [info] Number of decoys : 194
[2020-03-12 15:10:42.540] [jointLog] [info] First decoy index : 227,042 
[2020-03-12 15:10:42.559] [jointLog] [warning] Fragment GC bias correction is currently *experimental* in single-end libraries.  Please use this option with caution.
[2020-03-12 15:10:43.034] [jointLog] [info] Automatically detected most likely library type as U
[2020-03-12 15:14:01.313] [fileLog] [info] 
At end of round 0
==================
Observed 21624687 total fragments (21624687 in most recent round)

[2020-03-12 15:14:01.312] [jointLog] [info] Computed 348,660 rich equivalence classes for further processing
[2020-03-12 15:14:01.312] [jointLog] [info] Counted 14,675,292 total reads in the equivalence classes 
[2020-03-12 15:14:01.318] [jointLog] [info] Number of mappings discarded because of alignment score : 198,853,242
[2020-03-12 15:14:01.318] [jointLog] [info] Number of fragments entirely discarded because of alignment score : 2,742,910
[2020-03-12 15:14:01.318] [jointLog] [info] Number of fragments discarded because they are best-mapped to decoys : 685,327
[2020-03-12 15:14:01.318] [jointLog] [info] Number of fragments discarded because they have only dovetail (discordant) mappings to valid targets : 0
[2020-03-12 15:14:01.318] [jointLog] [info] Mapping rate = 67.8636%

[2020-03-12 15:14:01.318] [jointLog] [info] finished quantifyLibrary()
[2020-03-12 15:14:01.318] [jointLog] [info] Starting optimizer
[2020-03-12 15:14:01.384] [jointLog] [info] Marked 0 weighted equivalence classes as degenerate
[2020-03-12 15:14:01.392] [jointLog] [info] iteration = 0 | max rel diff. = 4549.54
[2020-03-12 15:14:01.474] [jointLog] [info] iteration 11, adjusting effective lengths to account for biases
[2020-03-12 15:14:15.948] [jointLog] [info] Computed expected counts (for bias correction)
[2020-03-12 15:14:15.948] [jointLog] [info] processed bias for 0.0% of the transcripts
[2020-03-12 15:14:17.515] [jointLog] [info] processed bias for 10.0% of the transcripts
[2020-03-12 15:14:19.051] [jointLog] [info] processed bias for 20.0% of the transcripts
[2020-03-12 15:14:20.676] [jointLog] [info] processed bias for 30.0% of the transcripts
[2020-03-12 15:14:22.281] [jointLog] [info] processed bias for 40.0% of the transcripts
[2020-03-12 15:14:23.825] [jointLog] [info] processed bias for 50.0% of the transcripts
[2020-03-12 15:14:25.415] [jointLog] [info] processed bias for 60.0% of the transcripts
[2020-03-12 15:14:27.018] [jointLog] [info] processed bias for 70.0% of the transcripts
[2020-03-12 15:14:28.559] [jointLog] [info] processed bias for 80.0% of the transcripts
[2020-03-12 15:14:30.351] [jointLog] [info] processed bias for 90.0% of the transcripts
[2020-03-12 15:14:32.116] [jointLog] [info] processed bias for 100.0% of the transcripts
[2020-03-12 15:14:32.981] [jointLog] [info] iteration = 100 | max rel diff. = 10.8593
[2020-03-12 15:14:33.929] [jointLog] [info] iteration = 200 | max rel diff. = 9.50089
[2020-03-12 15:14:34.874] [jointLog] [info] iteration = 300 | max rel diff. = 11.6163
[2020-03-12 15:14:35.817] [jointLog] [info] iteration = 400 | max rel diff. = 0.264955
[2020-03-12 15:14:36.761] [jointLog] [info] iteration = 500 | max rel diff. = 2.46042
[2020-03-12 15:14:37.705] [jointLog] [info] iteration = 600 | max rel diff. = 11.9448
[2020-03-12 15:14:38.649] [jointLog] [info] iteration = 700 | max rel diff. = 4.06351
[2020-03-12 15:14:39.595] [jointLog] [info] iteration = 800 | max rel diff. = 0.915883
[2020-03-12 15:14:40.540] [jointLog] [info] iteration = 900 | max rel diff. = 0.736073
[2020-03-12 15:14:41.487] [jointLog] [info] iteration = 1,000 | max rel diff. = 0.0321079
[2020-03-12 15:14:42.432] [jointLog] [info] iteration = 1,100 | max rel diff. = 0.252124
[2020-03-12 15:14:43.375] [jointLog] [info] iteration = 1,200 | max rel diff. = 0.398752
[2020-03-12 15:14:44.325] [jointLog] [info] iteration = 1,300 | max rel diff. = 0.12785
[2020-03-12 15:14:45.294] [jointLog] [info] iteration = 1,400 | max rel diff. = 0.0239262
[2020-03-12 15:14:46.241] [jointLog] [info] iteration = 1,500 | max rel diff. = 0.048435
[2020-03-12 15:14:46.563] [jointLog] [info] iteration = 1,535 | max rel diff. = 0.00590563
[2020-03-12 15:14:46.568] [jointLog] [info] Finished optimizer
[2020-03-12 15:14:46.568] [jointLog] [info] writing output 

[2020-03-12 15:14:46.797] [jointLog] [info] Starting Bootstrapping
[2020-03-12 15:14:46.871] [jointLog] [info] Will draw 30 bootstrap samples
[2020-03-12 15:14:46.871] [jointLog] [info] Optimizing over 348,660 equivalence classes
[2020-03-12 15:14:46.890] [jointLog] [info] Marked 0 weighted equivalence classes as degenerate
[2020-03-12 15:15:55.602] [jointLog] [info] wrote 1 bootstraps
[2020-03-12 15:16:22.006] [jointLog] [info] wrote 2 bootstraps
[2020-03-12 15:16:24.109] [jointLog] [info] wrote 3 bootstraps
[2020-03-12 15:16:29.965] [jointLog] [info] wrote 4 bootstraps
[2020-03-12 15:16:33.890] [jointLog] [info] wrote 5 bootstraps
[2020-03-12 15:16:36.953] [jointLog] [info] wrote 6 bootstraps
[2020-03-12 15:16:38.104] [jointLog] [info] wrote 7 bootstraps
[2020-03-12 15:16:42.495] [jointLog] [info] wrote 8 bootstraps
[2020-03-12 15:16:49.104] [jointLog] [info] wrote 9 bootstraps
[2020-03-12 15:16:52.319] [jointLog] [info] wrote 10 bootstraps
[2020-03-12 15:17:03.815] [jointLog] [info] wrote 11 bootstraps
[2020-03-12 15:17:44.303] [jointLog] [info] wrote 12 bootstraps
[2020-03-12 15:17:59.436] [jointLog] [info] wrote 13 bootstraps
[2020-03-12 15:18:07.110] [jointLog] [info] wrote 14 bootstraps
[2020-03-12 15:18:12.597] [jointLog] [info] wrote 15 bootstraps
[2020-03-12 15:18:17.506] [jointLog] [info] wrote 16 bootstraps
[2020-03-12 15:18:32.895] [jointLog] [info] wrote 17 bootstraps
[2020-03-12 15:18:33.330] [jointLog] [info] wrote 18 bootstraps
[2020-03-12 15:18:39.136] [jointLog] [info] wrote 19 bootstraps
[2020-03-12 15:18:39.376] [jointLog] [info] wrote 20 bootstraps
[2020-03-12 15:18:46.873] [jointLog] [info] wrote 21 bootstraps
[2020-03-12 15:18:54.796] [jointLog] [info] wrote 22 bootstraps
[2020-03-12 15:19:06.118] [jointLog] [info] wrote 23 bootstraps
[2020-03-12 15:19:12.907] [jointLog] [info] wrote 24 bootstraps
[2020-03-12 15:19:15.015] [jointLog] [info] wrote 25 bootstraps
[2020-03-12 15:19:19.114] [jointLog] [info] wrote 26 bootstraps
[2020-03-12 15:19:32.005] [jointLog] [info] wrote 27 bootstraps
[2020-03-12 15:19:33.992] [jointLog] [info] wrote 28 bootstraps
[2020-03-12 15:19:39.020] [jointLog] [info] wrote 29 bootstraps
[2020-03-12 15:19:44.038] [jointLog] [info] wrote 30 bootstraps
[2020-03-12 15:19:44.051] [jointLog] [info] Finished Bootstrapping
[2020-03-12 15:19:44.051] [jointLog] [warning] NOTE: Read Lib [[ /dev/fd/63 ]] :

Detected a *potential* strand bias > 1% in an unstranded protocol check the file: /home/mks/mks/data_and_results/step9_salmon_quant/quants/ty0896_good/lib_format_counts.json for details

