[2020-08-11 19:34:21.599] [jointLog] [info] Fragment incompatibility prior below threshold.  Incompatible fragments will be ignored.
[2020-08-11 19:34:21.599] [jointLog] [info] Usage of --validateMappings implies use of minScoreFraction. Since not explicitly specified, it is being set to 0.65
[2020-08-11 19:34:21.599] [jointLog] [info] Usage of --validateMappings implies a default consensus slack of 0.2. Setting consensusSlack to 0.35.
[2020-08-11 19:34:21.599] [jointLog] [info] parsing read library format
[2020-08-11 19:34:21.599] [jointLog] [info] There is 1 library.
[2020-08-11 19:34:21.644] [jointLog] [info] Loading pufferfish index
[2020-08-11 19:34:21.644] [jointLog] [info] Loading dense pufferfish index.
[2020-08-11 19:35:02.027] [jointLog] [info] done
[2020-08-11 19:35:02.027] [jointLog] [info] Index contained 227,257 targets
[2020-08-11 19:35:05.177] [jointLog] [info] Number of decoys : 194
[2020-08-11 19:35:05.177] [jointLog] [info] First decoy index : 227,042 
[2020-08-11 19:35:05.197] [jointLog] [warning] Fragment GC bias correction is currently *experimental* in single-end libraries.  Please use this option with caution.
[2020-08-11 19:35:05.417] [jointLog] [info] Automatically detected most likely library type as SR
[2020-08-11 19:36:11.442] [jointLog] [info] Thread saw mini-batch with a maximum of 1.62% zero probability fragments
[2020-08-11 19:36:11.498] [jointLog] [info] Thread saw mini-batch with a maximum of 1.62% zero probability fragments
[2020-08-11 19:36:11.523] [jointLog] [info] Thread saw mini-batch with a maximum of 1.58% zero probability fragments
[2020-08-11 19:36:11.526] [jointLog] [info] Thread saw mini-batch with a maximum of 1.76% zero probability fragments
[2020-08-11 19:36:11.527] [jointLog] [info] Thread saw mini-batch with a maximum of 1.64% zero probability fragments
[2020-08-11 19:36:11.540] [jointLog] [info] Thread saw mini-batch with a maximum of 1.60% zero probability fragments
[2020-08-11 19:36:11.553] [jointLog] [info] Thread saw mini-batch with a maximum of 1.68% zero probability fragments
[2020-08-11 19:36:11.584] [jointLog] [info] Thread saw mini-batch with a maximum of 1.64% zero probability fragments
[2020-08-11 19:36:11.590] [jointLog] [info] Thread saw mini-batch with a maximum of 1.66% zero probability fragments
[2020-08-11 19:36:11.595] [jointLog] [info] Thread saw mini-batch with a maximum of 1.76% zero probability fragments
[2020-08-11 19:36:11.605] [jointLog] [info] Thread saw mini-batch with a maximum of 1.76% zero probability fragments
[2020-08-11 19:36:11.615] [jointLog] [info] Thread saw mini-batch with a maximum of 1.76% zero probability fragments
[2020-08-11 19:36:11.749] [jointLog] [info] Computed 297,136 rich equivalence classes for further processing
[2020-08-11 19:36:11.749] [jointLog] [info] Counted 16,439,606 total reads in the equivalence classes 
[2020-08-11 19:36:11.754] [jointLog] [warning] 0.00218657% of fragments were shorter than the k used to build the index.
If this fraction is too large, consider re-building the index with a smaller k.
The minimum read size found was 10.


[2020-08-11 19:36:11.754] [jointLog] [info] Number of mappings discarded because of alignment score : 18,812,727
[2020-08-11 19:36:11.754] [jointLog] [info] Number of fragments entirely discarded because of alignment score : 364,636
[2020-08-11 19:36:11.754] [jointLog] [info] Number of fragments discarded because they are best-mapped to decoys : 317,168
[2020-08-11 19:36:11.754] [jointLog] [info] Number of fragments discarded because they have only dovetail (discordant) mappings to valid targets : 0
[2020-08-11 19:36:11.754] [jointLog] [info] Mapping rate = 90.0911%

[2020-08-11 19:36:11.754] [jointLog] [info] finished quantifyLibrary()
[2020-08-11 19:36:11.754] [jointLog] [info] Starting optimizer
[2020-08-11 19:36:11.749] [fileLog] [info] 
At end of round 0
==================
Observed 18247752 total fragments (18247752 in most recent round)

[2020-08-11 19:36:11.819] [jointLog] [info] Marked 0 weighted equivalence classes as degenerate
[2020-08-11 19:36:11.827] [jointLog] [info] iteration = 0 | max rel diff. = 4853.66
[2020-08-11 19:36:11.902] [jointLog] [info] iteration 11, adjusting effective lengths to account for biases
[2020-08-11 19:36:29.870] [jointLog] [info] Computed expected counts (for bias correction)
[2020-08-11 19:36:29.870] [jointLog] [info] processed bias for 0.0% of the transcripts
[2020-08-11 19:36:31.914] [jointLog] [info] processed bias for 10.0% of the transcripts
[2020-08-11 19:36:33.916] [jointLog] [info] processed bias for 20.0% of the transcripts
[2020-08-11 19:36:36.021] [jointLog] [info] processed bias for 30.0% of the transcripts
[2020-08-11 19:36:37.839] [jointLog] [info] processed bias for 40.0% of the transcripts
[2020-08-11 19:36:39.840] [jointLog] [info] processed bias for 50.0% of the transcripts
[2020-08-11 19:36:41.745] [jointLog] [info] processed bias for 60.0% of the transcripts
[2020-08-11 19:36:43.575] [jointLog] [info] processed bias for 70.0% of the transcripts
[2020-08-11 19:36:45.747] [jointLog] [info] processed bias for 80.0% of the transcripts
[2020-08-11 19:36:47.671] [jointLog] [info] processed bias for 90.0% of the transcripts
[2020-08-11 19:36:49.629] [jointLog] [info] processed bias for 100.0% of the transcripts
[2020-08-11 19:36:49.630] [jointLog] [info] processed bias for 100.0% of the transcripts
[2020-08-11 19:36:50.441] [jointLog] [info] iteration = 100 | max rel diff. = 19.5912
[2020-08-11 19:36:51.291] [jointLog] [info] iteration = 200 | max rel diff. = 16.7701
[2020-08-11 19:36:52.142] [jointLog] [info] iteration = 300 | max rel diff. = 18.2143
[2020-08-11 19:36:52.993] [jointLog] [info] iteration = 400 | max rel diff. = 14.8974
[2020-08-11 19:36:53.844] [jointLog] [info] iteration = 500 | max rel diff. = 9.62436
[2020-08-11 19:36:54.697] [jointLog] [info] iteration = 600 | max rel diff. = 4.26747
[2020-08-11 19:36:55.548] [jointLog] [info] iteration = 700 | max rel diff. = 1.62502
[2020-08-11 19:36:56.401] [jointLog] [info] iteration = 800 | max rel diff. = 17.8416
[2020-08-11 19:36:57.259] [jointLog] [info] iteration = 900 | max rel diff. = 0.119249
[2020-08-11 19:36:58.111] [jointLog] [info] iteration = 1,000 | max rel diff. = 1.4122
[2020-08-11 19:36:58.965] [jointLog] [info] iteration = 1,100 | max rel diff. = 0.45279
[2020-08-11 19:36:59.819] [jointLog] [info] iteration = 1,200 | max rel diff. = 7.32318
[2020-08-11 19:37:00.673] [jointLog] [info] iteration = 1,300 | max rel diff. = 0.353555
[2020-08-11 19:37:01.526] [jointLog] [info] iteration = 1,400 | max rel diff. = 1.15921
[2020-08-11 19:37:02.382] [jointLog] [info] iteration = 1,500 | max rel diff. = 0.0307212
[2020-08-11 19:37:03.362] [jointLog] [info] iteration = 1,600 | max rel diff. = 0.0607225
[2020-08-11 19:37:04.346] [jointLog] [info] iteration = 1,700 | max rel diff. = 0.213241
[2020-08-11 19:37:05.320] [jointLog] [info] iteration = 1,800 | max rel diff. = 0.0557851
[2020-08-11 19:37:06.283] [jointLog] [info] iteration = 1,900 | max rel diff. = 0.110189
[2020-08-11 19:37:07.191] [jointLog] [info] iteration = 2,000 | max rel diff. = 0.0172018
[2020-08-11 19:37:08.047] [jointLog] [info] iteration = 2,100 | max rel diff. = 0.0867843
[2020-08-11 19:37:08.903] [jointLog] [info] iteration = 2,200 | max rel diff. = 0.0899853
[2020-08-11 19:37:09.399] [jointLog] [info] iteration = 2,259 | max rel diff. = 0.00993363
[2020-08-11 19:37:09.404] [jointLog] [info] Finished optimizer
[2020-08-11 19:37:09.404] [jointLog] [info] writing output 

[2020-08-11 19:37:09.646] [jointLog] [info] Starting Bootstrapping
[2020-08-11 19:37:09.707] [jointLog] [info] Will draw 30 bootstrap samples
[2020-08-11 19:37:09.707] [jointLog] [info] Optimizing over 297,136 equivalence classes
[2020-08-11 19:37:09.723] [jointLog] [info] Marked 0 weighted equivalence classes as degenerate
[2020-08-11 19:38:48.355] [jointLog] [info] wrote 1 bootstraps
[2020-08-11 19:38:57.351] [jointLog] [info] wrote 2 bootstraps
[2020-08-11 19:39:13.146] [jointLog] [info] wrote 3 bootstraps
[2020-08-11 19:39:21.126] [jointLog] [info] wrote 4 bootstraps
[2020-08-11 19:39:34.437] [jointLog] [info] wrote 5 bootstraps
[2020-08-11 19:39:38.509] [jointLog] [info] wrote 6 bootstraps
[2020-08-11 19:39:40.339] [jointLog] [info] wrote 7 bootstraps
[2020-08-11 19:39:46.776] [jointLog] [info] wrote 8 bootstraps
[2020-08-11 19:39:55.121] [jointLog] [info] wrote 9 bootstraps
[2020-08-11 19:39:58.585] [jointLog] [info] wrote 10 bootstraps
[2020-08-11 19:39:59.145] [jointLog] [info] wrote 11 bootstraps
[2020-08-11 19:40:49.613] [jointLog] [info] wrote 12 bootstraps
[2020-08-11 19:41:33.502] [jointLog] [info] wrote 13 bootstraps
[2020-08-11 19:41:34.406] [jointLog] [info] wrote 14 bootstraps
[2020-08-11 19:41:40.775] [jointLog] [info] wrote 15 bootstraps
[2020-08-11 19:41:58.117] [jointLog] [info] wrote 16 bootstraps
[2020-08-11 19:42:07.147] [jointLog] [info] wrote 17 bootstraps
[2020-08-11 19:42:07.684] [jointLog] [info] wrote 18 bootstraps
[2020-08-11 19:42:21.778] [jointLog] [info] wrote 19 bootstraps
[2020-08-11 19:42:38.358] [jointLog] [info] wrote 20 bootstraps
[2020-08-11 19:42:39.165] [jointLog] [info] wrote 21 bootstraps
[2020-08-11 19:42:39.649] [jointLog] [info] wrote 22 bootstraps
[2020-08-11 19:42:41.089] [jointLog] [info] wrote 23 bootstraps
[2020-08-11 19:43:14.770] [jointLog] [info] wrote 24 bootstraps
[2020-08-11 19:43:17.987] [jointLog] [info] wrote 25 bootstraps
[2020-08-11 19:43:27.517] [jointLog] [info] wrote 26 bootstraps
[2020-08-11 19:43:32.797] [jointLog] [info] wrote 27 bootstraps
[2020-08-11 19:43:36.152] [jointLog] [info] wrote 28 bootstraps
[2020-08-11 19:43:42.262] [jointLog] [info] wrote 29 bootstraps
[2020-08-11 19:43:45.494] [jointLog] [info] wrote 30 bootstraps
[2020-08-11 19:43:45.505] [jointLog] [info] Finished Bootstrapping
