[2020-03-12 14:22:48.088] [jointLog] [info] Fragment incompatibility prior below threshold.  Incompatible fragments will be ignored.
[2020-03-12 14:22:48.088] [jointLog] [info] Usage of --validateMappings implies use of minScoreFraction. Since not explicitly specified, it is being set to 0.65
[2020-03-12 14:22:48.088] [jointLog] [info] Usage of --validateMappings implies a default consensus slack of 0.2. Setting consensusSlack to 0.35.
[2020-03-12 14:22:48.088] [jointLog] [info] parsing read library format
[2020-03-12 14:22:48.088] [jointLog] [info] There is 1 library.
[2020-03-12 14:22:48.132] [jointLog] [info] Loading pufferfish index
[2020-03-12 14:22:48.132] [jointLog] [info] Loading dense pufferfish index.
[2020-03-12 14:23:27.130] [jointLog] [info] done
[2020-03-12 14:23:27.130] [jointLog] [info] Index contained 227,257 targets
[2020-03-12 14:23:30.283] [jointLog] [info] Number of decoys : 194
[2020-03-12 14:23:30.283] [jointLog] [info] First decoy index : 227,042 
[2020-03-12 14:23:30.302] [jointLog] [warning] Fragment GC bias correction is currently *experimental* in single-end libraries.  Please use this option with caution.
[2020-03-12 14:23:30.796] [jointLog] [info] Automatically detected most likely library type as U
[2020-03-12 14:25:47.562] [fileLog] [info] 
At end of round 0
==================
Observed 15046527 total fragments (15046527 in most recent round)

[2020-03-12 14:25:47.562] [jointLog] [info] Computed 307,576 rich equivalence classes for further processing
[2020-03-12 14:25:47.562] [jointLog] [info] Counted 10,310,813 total reads in the equivalence classes 
[2020-03-12 14:25:47.567] [jointLog] [info] Number of mappings discarded because of alignment score : 136,600,324
[2020-03-12 14:25:47.567] [jointLog] [info] Number of fragments entirely discarded because of alignment score : 1,871,858
[2020-03-12 14:25:47.567] [jointLog] [info] Number of fragments discarded because they are best-mapped to decoys : 492,746
[2020-03-12 14:25:47.567] [jointLog] [info] Number of fragments discarded because they have only dovetail (discordant) mappings to valid targets : 0
[2020-03-12 14:25:47.567] [jointLog] [info] Mapping rate = 68.5262%

[2020-03-12 14:25:47.567] [jointLog] [info] finished quantifyLibrary()
[2020-03-12 14:25:47.568] [jointLog] [info] Starting optimizer
[2020-03-12 14:25:47.628] [jointLog] [info] Marked 0 weighted equivalence classes as degenerate
[2020-03-12 14:25:47.636] [jointLog] [info] iteration = 0 | max rel diff. = 3599.79
[2020-03-12 14:25:47.711] [jointLog] [info] iteration 11, adjusting effective lengths to account for biases
[2020-03-12 14:26:01.519] [jointLog] [info] Computed expected counts (for bias correction)
[2020-03-12 14:26:01.519] [jointLog] [info] processed bias for 0.0% of the transcripts
[2020-03-12 14:26:02.956] [jointLog] [info] processed bias for 10.0% of the transcripts
[2020-03-12 14:26:04.501] [jointLog] [info] processed bias for 20.0% of the transcripts
[2020-03-12 14:26:06.094] [jointLog] [info] processed bias for 30.0% of the transcripts
[2020-03-12 14:26:07.655] [jointLog] [info] processed bias for 40.0% of the transcripts
[2020-03-12 14:26:09.168] [jointLog] [info] processed bias for 50.0% of the transcripts
[2020-03-12 14:26:10.612] [jointLog] [info] processed bias for 60.0% of the transcripts
[2020-03-12 14:26:12.173] [jointLog] [info] processed bias for 70.0% of the transcripts
[2020-03-12 14:26:13.664] [jointLog] [info] processed bias for 80.0% of the transcripts
[2020-03-12 14:26:15.271] [jointLog] [info] processed bias for 90.0% of the transcripts
[2020-03-12 14:26:16.851] [jointLog] [info] processed bias for 100.0% of the transcripts
[2020-03-12 14:26:17.634] [jointLog] [info] iteration = 100 | max rel diff. = 14.0264
[2020-03-12 14:26:18.491] [jointLog] [info] iteration = 200 | max rel diff. = 5.32126
[2020-03-12 14:26:19.346] [jointLog] [info] iteration = 300 | max rel diff. = 1.37509
[2020-03-12 14:26:20.203] [jointLog] [info] iteration = 400 | max rel diff. = 0.753455
[2020-03-12 14:26:21.060] [jointLog] [info] iteration = 500 | max rel diff. = 0.211849
[2020-03-12 14:26:21.919] [jointLog] [info] iteration = 600 | max rel diff. = 0.917619
[2020-03-12 14:26:22.775] [jointLog] [info] iteration = 700 | max rel diff. = 0.529328
[2020-03-12 14:26:23.630] [jointLog] [info] iteration = 800 | max rel diff. = 3.27873
[2020-03-12 14:26:24.486] [jointLog] [info] iteration = 900 | max rel diff. = 0.0989743
[2020-03-12 14:26:25.342] [jointLog] [info] iteration = 1,000 | max rel diff. = 0.0589896
[2020-03-12 14:26:26.197] [jointLog] [info] iteration = 1,100 | max rel diff. = 0.165805
[2020-03-12 14:26:27.051] [jointLog] [info] iteration = 1,200 | max rel diff. = 0.0704816
[2020-03-12 14:26:27.906] [jointLog] [info] iteration = 1,300 | max rel diff. = 0.0209733
[2020-03-12 14:26:28.760] [jointLog] [info] iteration = 1,400 | max rel diff. = 0.0615375
[2020-03-12 14:26:29.615] [jointLog] [info] iteration = 1,500 | max rel diff. = 0.0517731
[2020-03-12 14:26:30.248] [jointLog] [info] iteration = 1,575 | max rel diff. = 0.00912181
[2020-03-12 14:26:30.252] [jointLog] [info] Finished optimizer
[2020-03-12 14:26:30.252] [jointLog] [info] writing output 

[2020-03-12 14:26:30.475] [jointLog] [info] Starting Bootstrapping
[2020-03-12 14:26:30.541] [jointLog] [info] Will draw 30 bootstrap samples
[2020-03-12 14:26:30.541] [jointLog] [info] Optimizing over 307,576 equivalence classes
[2020-03-12 14:26:30.557] [jointLog] [info] Marked 0 weighted equivalence classes as degenerate
[2020-03-12 14:27:46.739] [jointLog] [info] wrote 1 bootstraps
[2020-03-12 14:27:49.506] [jointLog] [info] wrote 2 bootstraps
[2020-03-12 14:27:53.048] [jointLog] [info] wrote 3 bootstraps
[2020-03-12 14:27:57.996] [jointLog] [info] wrote 4 bootstraps
[2020-03-12 14:27:58.995] [jointLog] [info] wrote 5 bootstraps
[2020-03-12 14:27:59.641] [jointLog] [info] wrote 6 bootstraps
[2020-03-12 14:28:00.811] [jointLog] [info] wrote 7 bootstraps
[2020-03-12 14:28:04.873] [jointLog] [info] wrote 8 bootstraps
[2020-03-12 14:28:07.994] [jointLog] [info] wrote 9 bootstraps
[2020-03-12 14:28:16.515] [jointLog] [info] wrote 10 bootstraps
[2020-03-12 14:28:30.477] [jointLog] [info] wrote 11 bootstraps
[2020-03-12 14:29:14.070] [jointLog] [info] wrote 12 bootstraps
[2020-03-12 14:29:20.616] [jointLog] [info] wrote 13 bootstraps
[2020-03-12 14:29:22.363] [jointLog] [info] wrote 14 bootstraps
[2020-03-12 14:29:23.050] [jointLog] [info] wrote 15 bootstraps
[2020-03-12 14:29:26.042] [jointLog] [info] wrote 16 bootstraps
[2020-03-12 14:29:33.727] [jointLog] [info] wrote 17 bootstraps
[2020-03-12 14:29:33.770] [jointLog] [info] wrote 18 bootstraps
[2020-03-12 14:29:38.230] [jointLog] [info] wrote 19 bootstraps
[2020-03-12 14:29:48.276] [jointLog] [info] wrote 20 bootstraps
[2020-03-12 14:29:50.470] [jointLog] [info] wrote 21 bootstraps
[2020-03-12 14:29:52.741] [jointLog] [info] wrote 22 bootstraps
[2020-03-12 14:30:28.750] [jointLog] [info] wrote 23 bootstraps
[2020-03-12 14:30:31.796] [jointLog] [info] wrote 24 bootstraps
[2020-03-12 14:30:33.157] [jointLog] [info] wrote 25 bootstraps
[2020-03-12 14:30:38.623] [jointLog] [info] wrote 26 bootstraps
[2020-03-12 14:30:43.158] [jointLog] [info] wrote 27 bootstraps
[2020-03-12 14:30:44.964] [jointLog] [info] wrote 28 bootstraps
[2020-03-12 14:30:46.937] [jointLog] [info] wrote 29 bootstraps
[2020-03-12 14:30:51.818] [jointLog] [info] wrote 30 bootstraps
[2020-03-12 14:30:51.829] [jointLog] [info] Finished Bootstrapping
[2020-03-12 14:30:51.830] [jointLog] [warning] NOTE: Read Lib [[ /dev/fd/63 ]] :

Detected a *potential* strand bias > 1% in an unstranded protocol check the file: /home/mks/mks/data_and_results/step9_salmon_quant/quants/ri9832_good/lib_format_counts.json for details

