[2020-03-12 15:19:45.667] [jointLog] [info] Fragment incompatibility prior below threshold.  Incompatible fragments will be ignored.
[2020-03-12 15:19:45.667] [jointLog] [info] Usage of --validateMappings implies use of minScoreFraction. Since not explicitly specified, it is being set to 0.65
[2020-03-12 15:19:45.667] [jointLog] [info] Usage of --validateMappings implies a default consensus slack of 0.2. Setting consensusSlack to 0.35.
[2020-03-12 15:19:45.667] [jointLog] [info] parsing read library format
[2020-03-12 15:19:45.667] [jointLog] [info] There is 1 library.
[2020-03-12 15:19:45.710] [jointLog] [info] Loading pufferfish index
[2020-03-12 15:19:45.710] [jointLog] [info] Loading dense pufferfish index.
[2020-03-12 15:20:24.822] [jointLog] [info] done
[2020-03-12 15:20:24.822] [jointLog] [info] Index contained 227,257 targets
[2020-03-12 15:20:27.979] [jointLog] [info] Number of decoys : 194
[2020-03-12 15:20:27.979] [jointLog] [info] First decoy index : 227,042 
[2020-03-12 15:20:27.998] [jointLog] [warning] Fragment GC bias correction is currently *experimental* in single-end libraries.  Please use this option with caution.
[2020-03-12 15:20:28.684] [jointLog] [info] Automatically detected most likely library type as U
[2020-03-12 15:26:32.273] [fileLog] [info] 
At end of round 0
==================
Observed 29066339 total fragments (29066339 in most recent round)

[2020-03-12 15:26:32.272] [jointLog] [info] Computed 398,680 rich equivalence classes for further processing
[2020-03-12 15:26:32.272] [jointLog] [info] Counted 18,862,971 total reads in the equivalence classes 
[2020-03-12 15:26:32.277] [jointLog] [info] Number of mappings discarded because of alignment score : 407,553,216
[2020-03-12 15:26:32.277] [jointLog] [info] Number of fragments entirely discarded because of alignment score : 5,256,740
[2020-03-12 15:26:32.277] [jointLog] [info] Number of fragments discarded because they are best-mapped to decoys : 1,504,955
[2020-03-12 15:26:32.277] [jointLog] [info] Number of fragments discarded because they have only dovetail (discordant) mappings to valid targets : 0
[2020-03-12 15:26:32.277] [jointLog] [info] Mapping rate = 64.8963%

[2020-03-12 15:26:32.277] [jointLog] [info] finished quantifyLibrary()
[2020-03-12 15:26:32.277] [jointLog] [info] Starting optimizer
[2020-03-12 15:26:32.352] [jointLog] [info] Marked 0 weighted equivalence classes as degenerate
[2020-03-12 15:26:32.361] [jointLog] [info] iteration = 0 | max rel diff. = 5169.15
[2020-03-12 15:26:32.451] [jointLog] [info] iteration 11, adjusting effective lengths to account for biases
[2020-03-12 15:26:48.221] [jointLog] [info] Computed expected counts (for bias correction)
[2020-03-12 15:26:48.221] [jointLog] [info] processed bias for 0.0% of the transcripts
[2020-03-12 15:26:50.087] [jointLog] [info] processed bias for 10.0% of the transcripts
[2020-03-12 15:26:51.934] [jointLog] [info] processed bias for 20.0% of the transcripts
[2020-03-12 15:26:53.870] [jointLog] [info] processed bias for 30.0% of the transcripts
[2020-03-12 15:26:55.682] [jointLog] [info] processed bias for 40.0% of the transcripts
[2020-03-12 15:26:57.467] [jointLog] [info] processed bias for 50.0% of the transcripts
[2020-03-12 15:26:59.150] [jointLog] [info] processed bias for 60.0% of the transcripts
[2020-03-12 15:27:00.783] [jointLog] [info] processed bias for 70.0% of the transcripts
[2020-03-12 15:27:02.447] [jointLog] [info] processed bias for 80.0% of the transcripts
[2020-03-12 15:27:04.148] [jointLog] [info] processed bias for 90.0% of the transcripts
[2020-03-12 15:27:05.852] [jointLog] [info] processed bias for 100.0% of the transcripts
[2020-03-12 15:27:05.852] [jointLog] [info] processed bias for 100.0% of the transcripts
[2020-03-12 15:27:06.798] [jointLog] [info] iteration = 100 | max rel diff. = 17.9502
[2020-03-12 15:27:07.839] [jointLog] [info] iteration = 200 | max rel diff. = 14.7949
[2020-03-12 15:27:08.880] [jointLog] [info] iteration = 300 | max rel diff. = 1.4676
[2020-03-12 15:27:09.923] [jointLog] [info] iteration = 400 | max rel diff. = 3.36634
[2020-03-12 15:27:10.964] [jointLog] [info] iteration = 500 | max rel diff. = 1.69265
[2020-03-12 15:27:12.009] [jointLog] [info] iteration = 600 | max rel diff. = 0.468602
[2020-03-12 15:27:13.050] [jointLog] [info] iteration = 700 | max rel diff. = 0.108124
[2020-03-12 15:27:14.090] [jointLog] [info] iteration = 800 | max rel diff. = 0.0446588
[2020-03-12 15:27:15.129] [jointLog] [info] iteration = 900 | max rel diff. = 0.127907
[2020-03-12 15:27:16.169] [jointLog] [info] iteration = 1,000 | max rel diff. = 0.377814
[2020-03-12 15:27:17.209] [jointLog] [info] iteration = 1,100 | max rel diff. = 0.290272
[2020-03-12 15:27:18.248] [jointLog] [info] iteration = 1,200 | max rel diff. = 0.27767
[2020-03-12 15:27:19.289] [jointLog] [info] iteration = 1,300 | max rel diff. = 0.0198647
[2020-03-12 15:27:20.330] [jointLog] [info] iteration = 1,400 | max rel diff. = 0.075712
[2020-03-12 15:27:21.374] [jointLog] [info] iteration = 1,500 | max rel diff. = 0.0267912
[2020-03-12 15:27:22.416] [jointLog] [info] iteration = 1,600 | max rel diff. = 0.0803612
[2020-03-12 15:27:23.457] [jointLog] [info] iteration = 1,700 | max rel diff. = 0.128056
[2020-03-12 15:27:24.500] [jointLog] [info] iteration = 1,800 | max rel diff. = 0.0310785
[2020-03-12 15:27:25.541] [jointLog] [info] iteration = 1,900 | max rel diff. = 0.734138
[2020-03-12 15:27:26.582] [jointLog] [info] iteration = 2,000 | max rel diff. = 0.159802
[2020-03-12 15:27:27.175] [jointLog] [info] iteration = 2,058 | max rel diff. = 0.00864579
[2020-03-12 15:27:27.180] [jointLog] [info] Finished optimizer
[2020-03-12 15:27:27.180] [jointLog] [info] writing output 

[2020-03-12 15:27:27.404] [jointLog] [info] Starting Bootstrapping
[2020-03-12 15:27:27.479] [jointLog] [info] Will draw 30 bootstrap samples
[2020-03-12 15:27:27.479] [jointLog] [info] Optimizing over 398,680 equivalence classes
[2020-03-12 15:27:27.498] [jointLog] [info] Marked 0 weighted equivalence classes as degenerate
[2020-03-12 15:28:58.630] [jointLog] [info] wrote 1 bootstraps
[2020-03-12 15:29:21.908] [jointLog] [info] wrote 2 bootstraps
[2020-03-12 15:29:22.683] [jointLog] [info] wrote 3 bootstraps
[2020-03-12 15:29:34.452] [jointLog] [info] wrote 4 bootstraps
[2020-03-12 15:29:34.541] [jointLog] [info] wrote 5 bootstraps
[2020-03-12 15:29:37.485] [jointLog] [info] wrote 6 bootstraps
[2020-03-12 15:29:51.682] [jointLog] [info] wrote 7 bootstraps
[2020-03-12 15:29:52.758] [jointLog] [info] wrote 8 bootstraps
[2020-03-12 15:30:04.565] [jointLog] [info] wrote 9 bootstraps
[2020-03-12 15:30:09.961] [jointLog] [info] wrote 10 bootstraps
[2020-03-12 15:30:22.274] [jointLog] [info] wrote 11 bootstraps
[2020-03-12 15:30:43.705] [jointLog] [info] wrote 12 bootstraps
[2020-03-12 15:31:19.299] [jointLog] [info] wrote 13 bootstraps
[2020-03-12 15:31:36.756] [jointLog] [info] wrote 14 bootstraps
[2020-03-12 15:31:39.036] [jointLog] [info] wrote 15 bootstraps
[2020-03-12 15:31:57.570] [jointLog] [info] wrote 16 bootstraps
[2020-03-12 15:31:59.217] [jointLog] [info] wrote 17 bootstraps
[2020-03-12 15:32:10.889] [jointLog] [info] wrote 18 bootstraps
[2020-03-12 15:32:13.849] [jointLog] [info] wrote 19 bootstraps
[2020-03-12 15:32:26.116] [jointLog] [info] wrote 20 bootstraps
[2020-03-12 15:32:32.373] [jointLog] [info] wrote 21 bootstraps
[2020-03-12 15:32:49.216] [jointLog] [info] wrote 22 bootstraps
[2020-03-12 15:32:50.850] [jointLog] [info] wrote 23 bootstraps
[2020-03-12 15:33:00.155] [jointLog] [info] wrote 24 bootstraps
[2020-03-12 15:33:14.918] [jointLog] [info] wrote 25 bootstraps
[2020-03-12 15:33:23.791] [jointLog] [info] wrote 26 bootstraps
[2020-03-12 15:33:24.466] [jointLog] [info] wrote 27 bootstraps
[2020-03-12 15:33:27.353] [jointLog] [info] wrote 28 bootstraps
[2020-03-12 15:33:34.328] [jointLog] [info] wrote 29 bootstraps
[2020-03-12 15:33:45.566] [jointLog] [info] wrote 30 bootstraps
[2020-03-12 15:33:45.580] [jointLog] [info] Finished Bootstrapping
[2020-03-12 15:33:45.581] [jointLog] [warning] NOTE: Read Lib [[ /dev/fd/63 ]] :

Detected a *potential* strand bias > 1% in an unstranded protocol check the file: /home/mks/mks/data_and_results/step9_salmon_quant/quants/yj7517_good/lib_format_counts.json for details

